2024-10-06 00:12:01.372 [info] Reading sessions from keychain...
2024-10-06 00:12:01.372 [info] Getting sessions for all scopes...
2024-10-06 00:12:01.372 [info] Got 0 sessions for ...
2024-10-06 00:12:01.373 [info] Getting sessions for read:user,repo,user:email...
2024-10-06 00:12:01.373 [info] Got 0 sessions for read:user,repo,user:email...
2024-10-06 00:12:01.389 [info] Getting sessions for read:user,repo,user:email,workflow...
2024-10-06 00:12:01.389 [info] Got 0 sessions for read:user,repo,user:email,workflow...
2024-10-06 00:12:01.399 [info] Getting sessions for all scopes...
2024-10-06 00:12:01.399 [info] Got 0 sessions for ...
2024-10-06 00:12:01.399 [info] Getting sessions for all scopes...
2024-10-06 00:12:01.399 [info] Got 0 sessions for ...
2024-10-06 00:12:01.441 [info] Getting sessions for read:user...
2024-10-06 00:12:01.441 [info] Got 0 sessions for read:user...
2024-10-06 00:12:01.441 [info] Getting sessions for user:email...
2024-10-06 00:12:01.441 [info] Got 0 sessions for user:email...
2024-10-06 00:12:01.441 [info] Getting sessions for read:user,repo,user:email,workflow...
2024-10-06 00:12:01.441 [info] Got 0 sessions for read:user,repo,user:email,workflow...
2024-10-06 00:12:01.443 [info] Getting sessions for user:email...
2024-10-06 00:12:01.443 [info] Got 0 sessions for user:email...
2024-10-06 00:12:01.444 [info] Getting sessions for all scopes...
2024-10-06 00:12:01.444 [info] Got 0 sessions for ...
2024-10-06 00:12:01.444 [info] Getting sessions for all scopes...
2024-10-06 00:12:01.444 [info] Got 0 sessions for ...
2024-10-06 00:12:02.347 [info] Getting sessions for user:email...
2024-10-06 00:12:02.347 [info] Got 0 sessions for user:email...
2024-10-06 00:12:02.356 [info] Getting sessions for all scopes...
2024-10-06 00:12:02.356 [info] Got 0 sessions for ...
2024-10-06 00:12:02.408 [info] Getting sessions for user:email...
2024-10-06 00:12:02.408 [info] Got 0 sessions for user:email...
2024-10-06 00:12:02.409 [info] Getting sessions for all scopes...
2024-10-06 00:12:02.409 [info] Got 0 sessions for ...
2024-10-06 00:12:02.410 [info] Getting sessions for user:email...
2024-10-06 00:12:02.410 [info] Got 0 sessions for user:email...
2024-10-06 00:12:02.410 [info] Getting sessions for all scopes...
2024-10-06 00:12:02.410 [info] Got 0 sessions for ...
2024-10-06 00:12:02.411 [info] Getting sessions for user:email...
2024-10-06 00:12:02.411 [info] Got 0 sessions for user:email...
2024-10-06 00:12:21.916 [info] Getting sessions for read:user,repo,user:email,workflow...
2024-10-06 00:12:21.917 [info] Got 0 sessions for read:user,repo,user:email,workflow...
2024-10-06 00:12:25.096 [info] Logging in with 'any' account...
2024-10-06 00:12:25.096 [info] Logging in for the following scopes: read:user repo user:email workflow
2024-10-06 00:12:25.108 [info] Trying device code flow... (read:user repo user:email workflow)
2024-10-06 00:13:11.836 [info] Getting user info...
2024-10-06 00:13:12.105 [info] Got account info!
2024-10-06 00:13:12.106 [info] Storing 1 sessions...
2024-10-06 00:13:26.403 [info] Reading sessions from keychain...
2024-10-06 00:13:26.403 [info] Stored 1 sessions!
2024-10-06 00:13:26.404 [info] Login success!
2024-10-06 00:13:26.432 [info] Got stored sessions!
2024-10-06 00:13:26.432 [info] Got 1 verified sessions.
2024-10-06 00:13:26.445 [info] Getting sessions for read:user,repo,user:email,workflow...
2024-10-06 00:13:26.445 [info] Got 1 sessions for read:user,repo,user:email,workflow...
2024-10-06 00:13:26.445 [info] Getting sessions for all scopes...
2024-10-06 00:13:26.445 [info] Got 1 sessions for ...
2024-10-06 00:13:26.445 [info] Getting sessions for all scopes...
2024-10-06 00:13:26.445 [info] Got 1 sessions for ...
2024-10-06 00:13:26.445 [info] Getting sessions for read:user,repo,user:email...
2024-10-06 00:13:26.445 [info] Got 0 sessions for read:user,repo,user:email...
2024-10-06 00:13:26.448 [info] Getting sessions for read:user...
2024-10-06 00:13:26.448 [info] Got 0 sessions for read:user...
2024-10-06 00:13:26.448 [info] Getting sessions for read:user,repo,user:email,workflow...
2024-10-06 00:13:26.448 [info] Got 1 sessions for read:user,repo,user:email,workflow...
2024-10-06 00:13:26.451 [info] Getting sessions for read:user,repo,user:email...
2024-10-06 00:13:26.451 [info] Got 0 sessions for read:user,repo,user:email...
2024-10-06 00:13:26.451 [info] Getting sessions for user:email...
2024-10-06 00:13:26.451 [info] Got 0 sessions for user:email...
2024-10-06 00:13:26.451 [info] Getting sessions for user:email...
2024-10-06 00:13:26.451 [info] Got 0 sessions for user:email...
2024-10-06 00:13:26.452 [info] Getting sessions for read:user...
2024-10-06 00:13:26.452 [info] Got 0 sessions for read:user...
2024-10-06 00:13:26.453 [info] Getting sessions for all scopes...
2024-10-06 00:13:26.453 [info] Got 1 sessions for ...
2024-10-06 00:13:26.454 [info] Getting sessions for read:user,repo,user:email,workflow...
2024-10-06 00:13:26.454 [info] Got 1 sessions for read:user,repo,user:email,workflow...
2024-10-06 00:13:26.455 [info] Getting sessions for user:email...
2024-10-06 00:13:26.455 [info] Got 0 sessions for user:email...
2024-10-06 00:13:26.455 [info] Getting sessions for read:user...
2024-10-06 00:13:26.455 [info] Got 0 sessions for read:user...
2024-10-06 00:13:26.456 [info] Getting sessions for all scopes...
2024-10-06 00:13:26.456 [info] Got 1 sessions for ...
2024-10-06 00:13:26.459 [info] Getting sessions for read:user,repo,user:email,workflow...
2024-10-06 00:13:26.459 [info] Got 1 sessions for read:user,repo,user:email,workflow...
2024-10-06 00:13:26.460 [info] Getting sessions for user:email...
2024-10-06 00:13:26.460 [info] Got 0 sessions for user:email...
2024-10-06 00:13:26.461 [info] Getting sessions for read:user...
2024-10-06 00:13:26.461 [info] Got 0 sessions for read:user...
2024-10-06 00:27:02.355 [info] Getting sessions for all scopes...
2024-10-06 00:27:02.355 [info] Got 1 sessions for ...
2024-10-06 00:27:02.356 [info] Getting sessions for read:user,repo,user:email,workflow...
2024-10-06 00:27:02.356 [info] Got 1 sessions for read:user,repo,user:email,workflow...
2024-10-06 00:27:02.357 [info] Getting sessions for user:email...
2024-10-06 00:27:02.357 [info] Got 0 sessions for user:email...
2024-10-06 00:27:02.358 [info] Getting sessions for read:user...
2024-10-06 00:27:02.358 [info] Got 0 sessions for read:user...
2024-10-06 00:27:02.358 [info] Getting sessions for all scopes...
2024-10-06 00:27:02.358 [info] Got 1 sessions for ...
2024-10-06 00:27:02.359 [info] Getting sessions for read:user,repo,user:email,workflow...
2024-10-06 00:27:02.359 [info] Got 1 sessions for read:user,repo,user:email,workflow...
2024-10-06 00:27:02.360 [info] Getting sessions for user:email...
2024-10-06 00:27:02.360 [info] Got 0 sessions for user:email...
2024-10-06 00:27:02.360 [info] Getting sessions for read:user...
2024-10-06 00:27:02.360 [info] Got 0 sessions for read:user...
2024-10-06 00:27:02.414 [info] Getting sessions for all scopes...
2024-10-06 00:27:02.414 [info] Got 1 sessions for ...
2024-10-06 00:27:02.416 [info] Getting sessions for read:user,repo,user:email,workflow...
2024-10-06 00:27:02.416 [info] Got 1 sessions for read:user,repo,user:email,workflow...
2024-10-06 00:27:02.416 [info] Getting sessions for user:email...
2024-10-06 00:27:02.416 [info] Got 0 sessions for user:email...
2024-10-06 00:27:02.417 [info] Getting sessions for read:user...
2024-10-06 00:27:02.417 [info] Got 0 sessions for read:user...
2024-10-06 00:27:02.418 [info] Getting sessions for all scopes...
2024-10-06 00:27:02.418 [info] Got 1 sessions for ...
2024-10-06 00:27:02.419 [info] Getting sessions for read:user,repo,user:email,workflow...
2024-10-06 00:27:02.419 [info] Got 1 sessions for read:user,repo,user:email,workflow...
2024-10-06 00:27:02.419 [info] Getting sessions for user:email...
2024-10-06 00:27:02.419 [info] Got 0 sessions for user:email...
2024-10-06 00:27:02.420 [info] Getting sessions for read:user...
2024-10-06 00:27:02.420 [info] Got 0 sessions for read:user...
