GitLens v15.5.1 activating in VSCodium (1.93.1) on the desktop; language='en', logLevel='warn', defaultDateLocale='null' (someValue.machineId|someValue.sessionId)
To enable debug logging, set `"gitlens.outputLevel: "debug"` or run "GitLens: Enable Debug Logging" from the Command Palette
[2024-10-06 04:12:01.311] [GIT          ] [/home/mistamyke/MistaMyke-Dotfiles] git rev-parse --show-toplevel • Command failed: /usr/bin/git -c core.quotepath=false -c color.ui=false rev-parse --show-toplevel • not a git repository (or any parent up to mount point /) • Stopping at filesystem boundary (GIT_DISCOVERY_ACROSS_FILESYSTEM not set). [32ms]
[2024-10-06 04:13:26.409] [GIT          ] [/home/mistamyke/.vscode-oss] git rev-parse --show-toplevel • Command failed: /usr/bin/git -c core.quotepath=false -c color.ui=false rev-parse --show-toplevel • not a git repository (or any parent up to mount point /) • Stopping at filesystem boundary (GIT_DISCOVERY_ACROSS_FILESYSTEM not set). [12ms]
[2024-10-06 04:14:02.935] [GIT          ] [/home/mistamyke/MistaMyke-Dotfiles] git rev-parse --abbrev-ref --symbolic-full-name @ @{u} -- • Command failed: /usr/bin/git -c core.quotepath=false -c color.ui=false rev-parse --abbrev-ref --symbolic-full-name @ @{u} -- • bad revision '@' [6ms]

[2024-10-06 04:14:03.001] /home/mistamyke/.vscode-oss/extensions/eamodio.gitlens-15.5.1/dist/gitlens.js:1141:5628
Error: Command failed: /usr/bin/git -c core.quotepath=false -c color.ui=false -c log.showSignature=false -c diff.renameLimit=0 log --format=%x3c%x2ff%x3e%n%x3cr%x3e%x20%H%n%x3ca%x3e%x20%aN%n%x3ce%x3e%x20%aE%n%x3cd%x3e%x20%at%n%x3cn%x3e%x20%cN%n%x3cm%x3e%x20%cE%n%x3cc%x3e%x20%ct%n%x3cp%x3e%x20%P%n%x3cs%x3e%n%B%n%x3c%x2fs%x3e%n%x3cf%x3e -M --name-status --full-history --no-min-parents -n41 main --
fatal: bad revision 'main'

[2024-10-06 04:14:03.210] /home/mistamyke/.vscode-oss/extensions/eamodio.gitlens-15.5.1/dist/gitlens.js:1141:5628
Error: Command failed: /usr/bin/git -c core.quotepath=false -c color.ui=false -c log.showSignature=false -c diff.renameLimit=0 log --format=%x3c%x2ff%x3e%n%x3cr%x3e%x20%H%n%x3ca%x3e%x20%aN%n%x3ce%x3e%x20%aE%n%x3cd%x3e%x20%at%n%x3cn%x3e%x20%cN%n%x3cm%x3e%x20%cE%n%x3cc%x3e%x20%ct%n%x3cp%x3e%x20%P%n%x3cs%x3e%n%B%n%x3c%x2fs%x3e%n%x3cf%x3e -M --name-status --full-history --no-min-parents -n41 main --
fatal: bad revision 'main'

[2024-10-06 04:14:03.412] /home/mistamyke/.vscode-oss/extensions/eamodio.gitlens-15.5.1/dist/gitlens.js:1141:5628
Error: Command failed: /usr/bin/git -c core.quotepath=false -c color.ui=false -c log.showSignature=false -c diff.renameLimit=0 log --format=%x3c%x2ff%x3e%n%x3cr%x3e%x20%H%n%x3ca%x3e%x20%aN%n%x3ce%x3e%x20%aE%n%x3cd%x3e%x20%at%n%x3cn%x3e%x20%cN%n%x3cm%x3e%x20%cE%n%x3cc%x3e%x20%ct%n%x3cp%x3e%x20%P%n%x3cs%x3e%n%B%n%x3c%x2fs%x3e%n%x3cf%x3e -M --name-status --full-history --no-min-parents -n41 main --
fatal: bad revision 'main'
[2024-10-06 04:14:10.986] /home/mistamyke/.vscode-oss/extensions/eamodio.gitlens-15.5.1/dist/gitlens.js:1141:5628
Error: Command failed: /usr/bin/git -c core.quotepath=false -c color.ui=false -c log.showSignature=false -c diff.renameLimit=0 log --format=%x3c%x2ff%x3e%n%x3cr%x3e%x20%H%n%x3ca%x3e%x20%aN%n%x3ce%x3e%x20%aE%n%x3cd%x3e%x20%at%n%x3cn%x3e%x20%cN%n%x3cm%x3e%x20%cE%n%x3cc%x3e%x20%ct%n%x3cp%x3e%x20%P%n%x3cs%x3e%n%B%n%x3c%x2fs%x3e%n%x3cf%x3e -M --name-status --full-history --no-min-parents -n11 main --
fatal: bad revision 'main'
[2024-10-06 04:15:08.764] [GIT          ] [/home/mistamyke/MistaMyke-Dotfiles] git rev-parse --abbrev-ref --symbolic-full-name @ @{u} -- • Command failed: /usr/bin/git -c core.quotepath=false -c color.ui=false rev-parse --abbrev-ref --symbolic-full-name @ @{u} -- • bad revision '@' [5ms]

[2024-10-06 04:15:08.811] /home/mistamyke/.vscode-oss/extensions/eamodio.gitlens-15.5.1/dist/gitlens.js:1141:5628
Error: Command failed: /usr/bin/git -c core.quotepath=false -c color.ui=false -c log.showSignature=false -c diff.renameLimit=0 log --format=%x3c%x2ff%x3e%n%x3cr%x3e%x20%H%n%x3ca%x3e%x20%aN%n%x3ce%x3e%x20%aE%n%x3cd%x3e%x20%at%n%x3cn%x3e%x20%cN%n%x3cm%x3e%x20%cE%n%x3cc%x3e%x20%ct%n%x3cp%x3e%x20%P%n%x3cs%x3e%n%B%n%x3c%x2fs%x3e%n%x3cf%x3e -M --name-status --full-history --no-min-parents -n11 main --
fatal: bad revision 'main'

[2024-10-06 04:15:08.842] /home/mistamyke/.vscode-oss/extensions/eamodio.gitlens-15.5.1/dist/gitlens.js:1141:5628
Error: Command failed: /usr/bin/git -c core.quotepath=false -c color.ui=false -c log.showSignature=false -c diff.renameLimit=0 log --format=%x3c%x2ff%x3e%n%x3cr%x3e%x20%H%n%x3ca%x3e%x20%aN%n%x3ce%x3e%x20%aE%n%x3cd%x3e%x20%at%n%x3cn%x3e%x20%cN%n%x3cm%x3e%x20%cE%n%x3cc%x3e%x20%ct%n%x3cp%x3e%x20%P%n%x3cs%x3e%n%B%n%x3c%x2fs%x3e%n%x3cf%x3e -M --name-status --full-history --no-min-parents -n41 main --
fatal: bad revision 'main'
[2024-10-06 04:16:47.201] [GIT          ] [/home/mistamyke/MistaMyke-Dotfiles] git rev-parse --abbrev-ref --symbolic-full-name @ @{u} -- • Command failed: /usr/bin/git -c core.quotepath=false -c color.ui=false rev-parse --abbrev-ref --symbolic-full-name @ @{u} -- • bad revision '@' [6ms]

[2024-10-06 04:16:47.246] /home/mistamyke/.vscode-oss/extensions/eamodio.gitlens-15.5.1/dist/gitlens.js:1141:5628
Error: Command failed: /usr/bin/git -c core.quotepath=false -c color.ui=false -c log.showSignature=false -c diff.renameLimit=0 log --format=%x3c%x2ff%x3e%n%x3cr%x3e%x20%H%n%x3ca%x3e%x20%aN%n%x3ce%x3e%x20%aE%n%x3cd%x3e%x20%at%n%x3cn%x3e%x20%cN%n%x3cm%x3e%x20%cE%n%x3cc%x3e%x20%ct%n%x3cp%x3e%x20%P%n%x3cs%x3e%n%B%n%x3c%x2fs%x3e%n%x3cf%x3e -M --name-status --full-history --no-min-parents -n11 main --
fatal: bad revision 'main'

[2024-10-06 04:16:47.277] /home/mistamyke/.vscode-oss/extensions/eamodio.gitlens-15.5.1/dist/gitlens.js:1141:5628
Error: Command failed: /usr/bin/git -c core.quotepath=false -c color.ui=false -c log.showSignature=false -c diff.renameLimit=0 log --format=%x3c%x2ff%x3e%n%x3cr%x3e%x20%H%n%x3ca%x3e%x20%aN%n%x3ce%x3e%x20%aE%n%x3cd%x3e%x20%at%n%x3cn%x3e%x20%cN%n%x3cm%x3e%x20%cE%n%x3cc%x3e%x20%ct%n%x3cp%x3e%x20%P%n%x3cs%x3e%n%B%n%x3c%x2fs%x3e%n%x3cf%x3e -M --name-status --full-history --no-min-parents -n41 main --
fatal: bad revision 'main'
