2024-10-05 02:33:12.571 [info] [main] Log level: Info
2024-10-05 02:33:12.571 [info] [main] Validating found git in: "git"
2024-10-05 02:33:12.571 [info] [main] Using git "2.46.2" from "git"
2024-10-05 02:33:12.571 [info] [Model][doInitialScan] Initial repository scan started
2024-10-05 02:33:12.571 [info] [Model][doInitialScan] Initial repository scan completed - repositories (0), closed repositories (0), parent repositories (0), unsafe repositories (0)
2024-10-05 02:46:50.375 [info] [main] Log level: Info
2024-10-05 02:46:50.376 [info] [main] Validating found git in: "git"
2024-10-05 02:46:50.376 [info] [main] Using git "2.46.2" from "git"
2024-10-05 02:46:50.376 [info] [Model][doInitialScan] Initial repository scan started
2024-10-05 02:46:50.376 [info] > git rev-parse --show-toplevel [33ms]
2024-10-05 02:46:50.376 [info] fatal: not a git repository (or any parent up to mount point /)
Stopping at filesystem boundary (GIT_DISCOVERY_ACROSS_FILESYSTEM not set).
2024-10-05 02:46:51.385 [info] > git rev-parse --show-toplevel [32ms]
2024-10-05 02:46:51.385 [info] fatal: not a git repository (or any parent up to mount point /)
Stopping at filesystem boundary (GIT_DISCOVERY_ACROSS_FILESYSTEM not set).
2024-10-05 02:46:51.445 [info] > git rev-parse --show-toplevel [54ms]
2024-10-05 02:46:51.445 [info] fatal: not a git repository (or any parent up to mount point /)
Stopping at filesystem boundary (GIT_DISCOVERY_ACROSS_FILESYSTEM not set).
2024-10-05 02:46:51.837 [info] > git rev-parse --show-toplevel [351ms]
2024-10-05 02:46:51.837 [info] fatal: not a git repository (or any parent up to mount point /)
Stopping at filesystem boundary (GIT_DISCOVERY_ACROSS_FILESYSTEM not set).
2024-10-05 02:46:51.848 [info] > git rev-parse --show-toplevel [5ms]
2024-10-05 02:46:51.848 [info] fatal: not a git repository (or any parent up to mount point /)
Stopping at filesystem boundary (GIT_DISCOVERY_ACROSS_FILESYSTEM not set).
2024-10-05 02:46:51.884 [info] > git rev-parse --show-toplevel [13ms]
2024-10-05 02:46:51.884 [info] fatal: not a git repository (or any parent up to mount point /)
Stopping at filesystem boundary (GIT_DISCOVERY_ACROSS_FILESYSTEM not set).
2024-10-05 02:46:51.897 [info] > git rev-parse --show-toplevel [2ms]
2024-10-05 02:46:51.897 [info] fatal: not a git repository (or any parent up to mount point /)
Stopping at filesystem boundary (GIT_DISCOVERY_ACROSS_FILESYSTEM not set).
2024-10-05 02:46:51.930 [info] > git rev-parse --show-toplevel [13ms]
2024-10-05 02:46:51.930 [info] fatal: not a git repository (or any parent up to mount point /)
Stopping at filesystem boundary (GIT_DISCOVERY_ACROSS_FILESYSTEM not set).
2024-10-05 02:46:51.942 [info] > git rev-parse --show-toplevel [1ms]
2024-10-05 02:46:51.942 [info] fatal: not a git repository (or any parent up to mount point /)
Stopping at filesystem boundary (GIT_DISCOVERY_ACROSS_FILESYSTEM not set).
2024-10-05 02:46:51.969 [info] > git rev-parse --show-toplevel [12ms]
2024-10-05 02:46:51.969 [info] fatal: not a git repository (or any parent up to mount point /)
Stopping at filesystem boundary (GIT_DISCOVERY_ACROSS_FILESYSTEM not set).
2024-10-05 02:46:51.998 [info] > git rev-parse --show-toplevel [17ms]
2024-10-05 02:46:51.998 [info] fatal: not a git repository (or any parent up to mount point /)
Stopping at filesystem boundary (GIT_DISCOVERY_ACROSS_FILESYSTEM not set).
2024-10-05 02:46:52.015 [info] > git rev-parse --show-toplevel [7ms]
2024-10-05 02:46:52.015 [info] fatal: not a git repository (or any parent up to mount point /)
Stopping at filesystem boundary (GIT_DISCOVERY_ACROSS_FILESYSTEM not set).
2024-10-05 02:46:52.043 [info] > git rev-parse --show-toplevel [23ms]
2024-10-05 02:46:52.043 [info] fatal: not a git repository (or any parent up to mount point /)
Stopping at filesystem boundary (GIT_DISCOVERY_ACROSS_FILESYSTEM not set).
2024-10-05 02:46:52.064 [info] > git rev-parse --show-toplevel [1ms]
2024-10-05 02:46:52.064 [info] fatal: not a git repository (or any parent up to mount point /)
Stopping at filesystem boundary (GIT_DISCOVERY_ACROSS_FILESYSTEM not set).
2024-10-05 02:46:52.071 [info] > git rev-parse --show-toplevel [1ms]
2024-10-05 02:46:52.071 [info] fatal: not a git repository (or any parent up to mount point /)
Stopping at filesystem boundary (GIT_DISCOVERY_ACROSS_FILESYSTEM not set).
2024-10-05 02:46:52.077 [info] > git rev-parse --show-toplevel [1ms]
2024-10-05 02:46:52.077 [info] fatal: not a git repository (or any parent up to mount point /)
Stopping at filesystem boundary (GIT_DISCOVERY_ACROSS_FILESYSTEM not set).
2024-10-05 02:46:52.166 [info] > git rev-parse --show-toplevel [1ms]
2024-10-05 02:46:52.166 [info] fatal: not a git repository (or any parent up to mount point /)
Stopping at filesystem boundary (GIT_DISCOVERY_ACROSS_FILESYSTEM not set).
2024-10-05 02:46:52.252 [info] > git rev-parse --show-toplevel [83ms]
2024-10-05 02:46:52.252 [info] fatal: not a git repository (or any parent up to mount point /)
Stopping at filesystem boundary (GIT_DISCOVERY_ACROSS_FILESYSTEM not set).
2024-10-05 02:46:52.258 [info] > git rev-parse --show-toplevel [1ms]
2024-10-05 02:46:52.258 [info] fatal: not a git repository (or any parent up to mount point /)
Stopping at filesystem boundary (GIT_DISCOVERY_ACROSS_FILESYSTEM not set).
2024-10-05 02:46:52.263 [info] > git rev-parse --show-toplevel [1ms]
2024-10-05 02:46:52.263 [info] fatal: not a git repository (or any parent up to mount point /)
Stopping at filesystem boundary (GIT_DISCOVERY_ACROSS_FILESYSTEM not set).
2024-10-05 02:46:52.268 [info] > git rev-parse --show-toplevel [0ms]
2024-10-05 02:46:52.268 [info] fatal: not a git repository (or any parent up to mount point /)
Stopping at filesystem boundary (GIT_DISCOVERY_ACROSS_FILESYSTEM not set).
2024-10-05 02:46:52.273 [info] > git rev-parse --show-toplevel [1ms]
2024-10-05 02:46:52.273 [info] fatal: not a git repository (or any parent up to mount point /)
Stopping at filesystem boundary (GIT_DISCOVERY_ACROSS_FILESYSTEM not set).
2024-10-05 02:46:52.279 [info] > git rev-parse --show-toplevel [1ms]
2024-10-05 02:46:52.279 [info] fatal: not a git repository (or any parent up to mount point /)
Stopping at filesystem boundary (GIT_DISCOVERY_ACROSS_FILESYSTEM not set).
2024-10-05 02:46:52.284 [info] > git rev-parse --show-toplevel [1ms]
2024-10-05 02:46:52.284 [info] fatal: not a git repository (or any parent up to mount point /)
Stopping at filesystem boundary (GIT_DISCOVERY_ACROSS_FILESYSTEM not set).
2024-10-05 02:46:52.288 [info] > git rev-parse --show-toplevel [1ms]
2024-10-05 02:46:52.288 [info] fatal: not a git repository (or any parent up to mount point /)
Stopping at filesystem boundary (GIT_DISCOVERY_ACROSS_FILESYSTEM not set).
2024-10-05 02:46:52.294 [info] > git rev-parse --show-toplevel [1ms]
2024-10-05 02:46:52.294 [info] fatal: not a git repository (or any parent up to mount point /)
Stopping at filesystem boundary (GIT_DISCOVERY_ACROSS_FILESYSTEM not set).
2024-10-05 02:46:52.299 [info] > git rev-parse --show-toplevel [1ms]
2024-10-05 02:46:52.299 [info] fatal: not a git repository (or any parent up to mount point /)
Stopping at filesystem boundary (GIT_DISCOVERY_ACROSS_FILESYSTEM not set).
2024-10-05 02:46:52.304 [info] > git rev-parse --show-toplevel [1ms]
2024-10-05 02:46:52.304 [info] fatal: not a git repository (or any parent up to mount point /)
Stopping at filesystem boundary (GIT_DISCOVERY_ACROSS_FILESYSTEM not set).
2024-10-05 02:46:52.309 [info] > git rev-parse --show-toplevel [0ms]
2024-10-05 02:46:52.310 [info] fatal: not a git repository (or any parent up to mount point /)
Stopping at filesystem boundary (GIT_DISCOVERY_ACROSS_FILESYSTEM not set).
2024-10-05 02:46:52.314 [info] > git rev-parse --show-toplevel [1ms]
2024-10-05 02:46:52.314 [info] fatal: not a git repository (or any parent up to mount point /)
Stopping at filesystem boundary (GIT_DISCOVERY_ACROSS_FILESYSTEM not set).
2024-10-05 02:46:52.319 [info] > git rev-parse --show-toplevel [1ms]
2024-10-05 02:46:52.319 [info] fatal: not a git repository (or any parent up to mount point /)
Stopping at filesystem boundary (GIT_DISCOVERY_ACROSS_FILESYSTEM not set).
2024-10-05 02:46:52.324 [info] > git rev-parse --show-toplevel [0ms]
2024-10-05 02:46:52.324 [info] fatal: not a git repository (or any parent up to mount point /)
Stopping at filesystem boundary (GIT_DISCOVERY_ACROSS_FILESYSTEM not set).
2024-10-05 02:46:52.329 [info] > git rev-parse --show-toplevel [0ms]
2024-10-05 02:46:52.329 [info] fatal: not a git repository (or any parent up to mount point /)
Stopping at filesystem boundary (GIT_DISCOVERY_ACROSS_FILESYSTEM not set).
2024-10-05 02:46:52.334 [info] > git rev-parse --show-toplevel [0ms]
2024-10-05 02:46:52.334 [info] fatal: not a git repository (or any parent up to mount point /)
Stopping at filesystem boundary (GIT_DISCOVERY_ACROSS_FILESYSTEM not set).
2024-10-05 02:46:52.339 [info] > git rev-parse --show-toplevel [1ms]
2024-10-05 02:46:52.339 [info] fatal: not a git repository (or any parent up to mount point /)
Stopping at filesystem boundary (GIT_DISCOVERY_ACROSS_FILESYSTEM not set).
2024-10-05 02:46:52.344 [info] > git rev-parse --show-toplevel [0ms]
2024-10-05 02:46:52.344 [info] fatal: not a git repository (or any parent up to mount point /)
Stopping at filesystem boundary (GIT_DISCOVERY_ACROSS_FILESYSTEM not set).
2024-10-05 02:46:52.349 [info] > git rev-parse --show-toplevel [1ms]
2024-10-05 02:46:52.349 [info] fatal: not a git repository (or any parent up to mount point /)
Stopping at filesystem boundary (GIT_DISCOVERY_ACROSS_FILESYSTEM not set).
2024-10-05 02:46:52.353 [info] > git rev-parse --show-toplevel [0ms]
2024-10-05 02:46:52.353 [info] fatal: not a git repository (or any parent up to mount point /)
Stopping at filesystem boundary (GIT_DISCOVERY_ACROSS_FILESYSTEM not set).
2024-10-05 02:46:52.359 [info] > git rev-parse --show-toplevel [1ms]
2024-10-05 02:46:52.359 [info] fatal: not a git repository (or any parent up to mount point /)
Stopping at filesystem boundary (GIT_DISCOVERY_ACROSS_FILESYSTEM not set).
2024-10-05 02:46:52.364 [info] > git rev-parse --show-toplevel [1ms]
2024-10-05 02:46:52.364 [info] fatal: not a git repository (or any parent up to mount point /)
Stopping at filesystem boundary (GIT_DISCOVERY_ACROSS_FILESYSTEM not set).
2024-10-05 02:46:52.364 [info] [Model][doInitialScan] Initial repository scan completed - repositories (0), closed repositories (0), parent repositories (0), unsafe repositories (0)
2024-10-05 02:52:49.209 [info] > git rev-parse --show-toplevel [2ms]
2024-10-05 02:52:49.209 [info] fatal: not a git repository (or any parent up to mount point /)
Stopping at filesystem boundary (GIT_DISCOVERY_ACROSS_FILESYSTEM not set).
2024-10-05 02:54:44.495 [info] > git rev-parse --show-toplevel [2ms]
2024-10-05 02:54:44.495 [info] fatal: not a git repository (or any parent up to mount point /)
Stopping at filesystem boundary (GIT_DISCOVERY_ACROSS_FILESYSTEM not set).
2024-10-05 02:55:08.111 [info] > git rev-parse --show-toplevel [1ms]
2024-10-05 02:55:08.111 [info] fatal: not a git repository (or any parent up to mount point /)
Stopping at filesystem boundary (GIT_DISCOVERY_ACROSS_FILESYSTEM not set).
