2024-10-06 16:38:40.111 [info] Reading sessions from keychain...
2024-10-06 16:38:40.111 [info] Getting sessions for all scopes...
2024-10-06 16:38:40.111 [info] Got stored sessions!
2024-10-06 16:38:40.111 [info] Got 1 verified sessions.
2024-10-06 16:38:40.111 [info] Got 1 sessions for ...
2024-10-06 16:38:40.111 [info] Getting sessions for read:user,repo,user:email,workflow...
2024-10-06 16:38:40.111 [info] Got 1 sessions for read:user,repo,user:email,workflow...
2024-10-06 16:38:40.111 [info] Getting sessions for read:user,repo,user:email...
2024-10-06 16:38:40.111 [info] Got 0 sessions for read:user,repo,user:email...
2024-10-06 16:38:40.111 [info] Getting sessions for read:user,repo,user:email,workflow...
2024-10-06 16:38:40.111 [info] Got 1 sessions for read:user,repo,user:email,workflow...
2024-10-06 16:38:40.111 [info] Getting sessions for all scopes...
2024-10-06 16:38:40.111 [info] Got 1 sessions for ...
2024-10-06 16:38:40.111 [info] Getting sessions for all scopes...
2024-10-06 16:38:40.111 [info] Got 1 sessions for ...
2024-10-06 16:38:40.231 [info] Getting sessions for read:user...
2024-10-06 16:38:40.231 [info] Got 0 sessions for read:user...
2024-10-06 16:38:40.231 [info] Getting sessions for read:user,repo,user:email,workflow...
2024-10-06 16:38:40.231 [info] Got 1 sessions for read:user,repo,user:email,workflow...
2024-10-06 16:38:41.202 [info] Getting sessions for user:email...
2024-10-06 16:38:41.202 [info] Got 0 sessions for user:email...
2024-10-06 16:38:41.203 [info] Getting sessions for user:email...
2024-10-06 16:38:41.203 [info] Got 0 sessions for user:email...
2024-10-06 16:38:41.206 [info] Getting sessions for read:user,repo,user:email,workflow...
2024-10-06 16:38:41.206 [info] Got 1 sessions for read:user,repo,user:email,workflow...
2024-10-06 16:38:41.332 [info] Getting sessions for read:user...
2024-10-06 16:38:41.332 [info] Got 0 sessions for read:user...
2024-10-06 16:38:41.333 [info] Getting sessions for all scopes...
2024-10-06 16:38:41.333 [info] Got 1 sessions for ...
2024-10-06 16:38:41.334 [info] Getting sessions for all scopes...
2024-10-06 16:38:41.334 [info] Got 1 sessions for ...
2024-10-06 16:38:41.335 [info] Getting sessions for read:user,repo,user:email,workflow...
2024-10-06 16:38:41.335 [info] Got 1 sessions for read:user,repo,user:email,workflow...
2024-10-06 16:38:41.336 [info] Getting sessions for user:email...
2024-10-06 16:38:41.336 [info] Got 0 sessions for user:email...
2024-10-06 16:38:41.336 [info] Getting sessions for read:user...
2024-10-06 16:38:41.336 [info] Got 0 sessions for read:user...
2024-10-06 16:38:41.340 [info] Getting sessions for all scopes...
2024-10-06 16:38:41.340 [info] Got 1 sessions for ...
2024-10-06 16:38:41.341 [info] Getting sessions for read:user,repo,user:email,workflow...
2024-10-06 16:38:41.341 [info] Got 1 sessions for read:user,repo,user:email,workflow...
2024-10-06 16:38:41.342 [info] Getting sessions for user:email...
2024-10-06 16:38:41.342 [info] Got 0 sessions for user:email...
2024-10-06 16:38:41.343 [info] Getting sessions for read:user...
2024-10-06 16:38:41.343 [info] Got 0 sessions for read:user...
2024-10-06 16:38:41.345 [info] Getting sessions for all scopes...
2024-10-06 16:38:41.345 [info] Got 1 sessions for ...
2024-10-06 16:38:41.346 [info] Getting sessions for read:user,repo,user:email,workflow...
2024-10-06 16:38:41.346 [info] Got 1 sessions for read:user,repo,user:email,workflow...
2024-10-06 16:38:41.346 [info] Getting sessions for user:email...
2024-10-06 16:38:41.346 [info] Got 0 sessions for user:email...
2024-10-06 16:38:41.347 [info] Getting sessions for read:user...
2024-10-06 16:38:41.347 [info] Got 0 sessions for read:user...
2024-10-06 16:38:41.351 [info] Getting sessions for all scopes...
2024-10-06 16:38:41.351 [info] Got 1 sessions for ...
2024-10-06 16:38:41.353 [info] Getting sessions for read:user,repo,user:email,workflow...
2024-10-06 16:38:41.353 [info] Got 1 sessions for read:user,repo,user:email,workflow...
2024-10-06 16:38:41.353 [info] Getting sessions for user:email...
2024-10-06 16:38:41.353 [info] Got 0 sessions for user:email...
2024-10-06 16:38:41.354 [info] Getting sessions for read:user...
2024-10-06 16:38:41.354 [info] Got 0 sessions for read:user...
2024-10-06 16:38:51.132 [info] Getting sessions for read:user,repo,user:email,workflow...
2024-10-06 16:38:51.132 [info] Got 1 sessions for read:user,repo,user:email,workflow...
2024-10-06 16:38:59.249 [info] Getting sessions for read:user,repo,user:email,workflow...
2024-10-06 16:38:59.250 [info] Got 1 sessions for read:user,repo,user:email,workflow...
2024-10-06 16:38:59.250 [info] Getting sessions for read:user...
2024-10-06 16:38:59.250 [info] Got 0 sessions for read:user...
2024-10-06 16:38:59.251 [info] Getting sessions for user:email...
2024-10-06 16:38:59.251 [info] Got 0 sessions for user:email...
2024-10-06 16:41:04.760 [info] Getting sessions for read:user,repo,user:email,workflow...
2024-10-06 16:41:04.760 [info] Got 1 sessions for read:user,repo,user:email,workflow...
2024-10-06 16:41:10.807 [info] Getting sessions for read:user,repo,user:email,workflow...
2024-10-06 16:41:10.807 [info] Got 1 sessions for read:user,repo,user:email,workflow...
