2024-10-05 23:51:41.456 [info] Reading sessions from keychain...
2024-10-05 23:51:41.456 [info] Getting sessions for all scopes...
2024-10-05 23:51:41.456 [info] Got 0 sessions for ...
2024-10-05 23:51:41.456 [info] Getting sessions for read:user,repo,user:email...
2024-10-05 23:51:41.456 [info] Got 0 sessions for read:user,repo,user:email...
2024-10-05 23:51:41.456 [info] Getting sessions for read:user,repo,user:email,workflow...
2024-10-05 23:51:41.456 [info] Got 0 sessions for read:user,repo,user:email,workflow...
2024-10-05 23:51:41.456 [info] Getting sessions for all scopes...
2024-10-05 23:51:41.456 [info] Got 0 sessions for ...
2024-10-05 23:51:41.456 [info] Getting sessions for all scopes...
2024-10-05 23:51:41.456 [info] Got 0 sessions for ...
2024-10-05 23:51:41.456 [info] Getting sessions for read:user...
2024-10-05 23:51:41.456 [info] Got 0 sessions for read:user...
2024-10-05 23:51:41.464 [info] Getting sessions for user:email...
2024-10-05 23:51:41.464 [info] Got 0 sessions for user:email...
2024-10-05 23:51:41.464 [info] Getting sessions for read:user,repo,user:email,workflow...
2024-10-05 23:51:41.464 [info] Got 0 sessions for read:user,repo,user:email,workflow...
2024-10-05 23:51:41.471 [info] Getting sessions for user:email...
2024-10-05 23:51:41.471 [info] Got 0 sessions for user:email...
2024-10-05 23:51:41.472 [info] Getting sessions for all scopes...
2024-10-05 23:51:41.472 [info] Got 0 sessions for ...
2024-10-05 23:51:41.472 [info] Getting sessions for all scopes...
2024-10-05 23:51:41.472 [info] Got 0 sessions for ...
2024-10-05 23:51:42.563 [info] Getting sessions for user:email...
2024-10-05 23:51:42.563 [info] Got 0 sessions for user:email...
2024-10-05 23:51:42.572 [info] Getting sessions for all scopes...
2024-10-05 23:51:42.572 [info] Got 0 sessions for ...
2024-10-05 23:51:42.578 [info] Getting sessions for user:email...
2024-10-05 23:51:42.578 [info] Got 0 sessions for user:email...
2024-10-05 23:51:42.588 [info] Getting sessions for all scopes...
2024-10-05 23:51:42.588 [info] Got 0 sessions for ...
2024-10-05 23:51:42.613 [info] Getting sessions for user:email...
2024-10-05 23:51:42.613 [info] Got 0 sessions for user:email...
2024-10-05 23:51:42.620 [info] Getting sessions for all scopes...
2024-10-05 23:51:42.620 [info] Got 0 sessions for ...
2024-10-05 23:51:42.629 [info] Getting sessions for user:email...
2024-10-05 23:51:42.629 [info] Got 0 sessions for user:email...
2024-10-05 23:56:25.805 [info] Reading sessions from keychain...
2024-10-05 23:56:25.805 [info] Getting sessions for all scopes...
2024-10-05 23:56:25.805 [info] Got 0 sessions for ...
2024-10-05 23:56:25.805 [info] Getting sessions for read:user,repo,user:email...
2024-10-05 23:56:25.805 [info] Got 0 sessions for read:user,repo,user:email...
2024-10-05 23:56:25.805 [info] Getting sessions for read:user,repo,user:email,workflow...
2024-10-05 23:56:25.805 [info] Got 0 sessions for read:user,repo,user:email,workflow...
2024-10-05 23:56:25.805 [info] Getting sessions for all scopes...
2024-10-05 23:56:25.805 [info] Got 0 sessions for ...
2024-10-05 23:56:25.805 [info] Getting sessions for all scopes...
2024-10-05 23:56:25.805 [info] Got 0 sessions for ...
2024-10-05 23:56:25.853 [info] Getting sessions for read:user...
2024-10-05 23:56:25.854 [info] Got 0 sessions for read:user...
2024-10-05 23:56:25.854 [info] Getting sessions for user:email...
2024-10-05 23:56:25.854 [info] Got 0 sessions for user:email...
2024-10-05 23:56:25.854 [info] Getting sessions for read:user,repo,user:email,workflow...
2024-10-05 23:56:25.854 [info] Got 0 sessions for read:user,repo,user:email,workflow...
2024-10-05 23:56:25.856 [info] Getting sessions for user:email...
2024-10-05 23:56:25.856 [info] Got 0 sessions for user:email...
2024-10-05 23:56:25.856 [info] Getting sessions for all scopes...
2024-10-05 23:56:25.856 [info] Got 0 sessions for ...
2024-10-05 23:56:25.857 [info] Getting sessions for all scopes...
2024-10-05 23:56:25.857 [info] Got 0 sessions for ...
2024-10-05 23:56:26.808 [info] Getting sessions for user:email...
2024-10-05 23:56:26.808 [info] Got 0 sessions for user:email...
2024-10-05 23:56:26.888 [info] Getting sessions for all scopes...
2024-10-05 23:56:26.888 [info] Got 0 sessions for ...
2024-10-05 23:56:26.890 [info] Getting sessions for user:email...
2024-10-05 23:56:26.890 [info] Got 0 sessions for user:email...
2024-10-05 23:56:26.892 [info] Getting sessions for all scopes...
2024-10-05 23:56:26.892 [info] Got 0 sessions for ...
2024-10-05 23:56:26.893 [info] Getting sessions for user:email...
2024-10-05 23:56:26.893 [info] Got 0 sessions for user:email...
2024-10-05 23:56:26.894 [info] Getting sessions for all scopes...
2024-10-05 23:56:26.894 [info] Got 0 sessions for ...
2024-10-05 23:56:26.895 [info] Getting sessions for user:email...
2024-10-05 23:56:26.895 [info] Got 0 sessions for user:email...
2024-10-05 23:57:07.628 [info] Getting sessions for read:user,repo,user:email,workflow...
2024-10-05 23:57:07.628 [info] Got 0 sessions for read:user,repo,user:email,workflow...
2024-10-05 23:57:07.629 [info] Getting sessions for read:user...
2024-10-05 23:57:07.629 [info] Got 0 sessions for read:user...
2024-10-05 23:57:07.630 [info] Getting sessions for user:email...
2024-10-05 23:57:07.630 [info] Got 0 sessions for user:email...
2024-10-06 00:00:39.471 [info] Reading sessions from keychain...
2024-10-06 00:00:39.471 [info] Getting sessions for all scopes...
2024-10-06 00:00:39.471 [info] Got 0 sessions for ...
2024-10-06 00:00:39.471 [info] Getting sessions for read:user,repo,user:email...
2024-10-06 00:00:39.471 [info] Got 0 sessions for read:user,repo,user:email...
2024-10-06 00:00:39.471 [info] Getting sessions for read:user,repo,user:email,workflow...
2024-10-06 00:00:39.471 [info] Got 0 sessions for read:user,repo,user:email,workflow...
2024-10-06 00:00:39.471 [info] Getting sessions for all scopes...
2024-10-06 00:00:39.471 [info] Got 0 sessions for ...
2024-10-06 00:00:39.471 [info] Getting sessions for all scopes...
2024-10-06 00:00:39.471 [info] Got 0 sessions for ...
2024-10-06 00:00:39.525 [info] Getting sessions for read:user...
2024-10-06 00:00:39.525 [info] Got 0 sessions for read:user...
2024-10-06 00:00:39.526 [info] Getting sessions for user:email...
2024-10-06 00:00:39.526 [info] Got 0 sessions for user:email...
2024-10-06 00:00:39.526 [info] Getting sessions for read:user,repo,user:email,workflow...
2024-10-06 00:00:39.526 [info] Got 0 sessions for read:user,repo,user:email,workflow...
2024-10-06 00:00:39.528 [info] Getting sessions for user:email...
2024-10-06 00:00:39.528 [info] Got 0 sessions for user:email...
2024-10-06 00:00:39.528 [info] Getting sessions for all scopes...
2024-10-06 00:00:39.529 [info] Got 0 sessions for ...
2024-10-06 00:00:39.538 [info] Getting sessions for all scopes...
2024-10-06 00:00:39.538 [info] Got 0 sessions for ...
2024-10-06 00:00:39.600 [info] Getting sessions for user:email...
2024-10-06 00:00:39.601 [info] Got 0 sessions for user:email...
2024-10-06 00:00:40.621 [info] Getting sessions for all scopes...
2024-10-06 00:00:40.621 [info] Got 0 sessions for ...
2024-10-06 00:00:40.708 [info] Getting sessions for user:email...
2024-10-06 00:00:40.708 [info] Got 0 sessions for user:email...
2024-10-06 00:00:40.710 [info] Getting sessions for all scopes...
2024-10-06 00:00:40.710 [info] Got 0 sessions for ...
2024-10-06 00:00:40.710 [info] Getting sessions for user:email...
2024-10-06 00:00:40.710 [info] Got 0 sessions for user:email...
2024-10-06 00:00:40.711 [info] Getting sessions for all scopes...
2024-10-06 00:00:40.711 [info] Got 0 sessions for ...
2024-10-06 00:00:40.712 [info] Getting sessions for user:email...
2024-10-06 00:00:40.712 [info] Got 0 sessions for user:email...
2024-10-06 00:06:00.660 [info] Reading sessions from keychain...
2024-10-06 00:06:00.660 [info] Getting sessions for all scopes...
2024-10-06 00:06:00.660 [info] Got 0 sessions for ...
2024-10-06 00:06:00.660 [info] Getting sessions for read:user,repo,user:email...
2024-10-06 00:06:00.660 [info] Got 0 sessions for read:user,repo,user:email...
2024-10-06 00:06:00.660 [info] Getting sessions for read:user,repo,user:email,workflow...
2024-10-06 00:06:00.660 [info] Got 0 sessions for read:user,repo,user:email,workflow...
2024-10-06 00:06:00.660 [info] Getting sessions for all scopes...
2024-10-06 00:06:00.660 [info] Got 0 sessions for ...
2024-10-06 00:06:00.660 [info] Getting sessions for all scopes...
2024-10-06 00:06:00.660 [info] Got 0 sessions for ...
2024-10-06 00:06:00.699 [info] Getting sessions for read:user...
2024-10-06 00:06:00.699 [info] Got 0 sessions for read:user...
2024-10-06 00:06:00.699 [info] Getting sessions for user:email...
2024-10-06 00:06:00.699 [info] Got 0 sessions for user:email...
2024-10-06 00:06:00.699 [info] Getting sessions for read:user,repo,user:email,workflow...
2024-10-06 00:06:00.699 [info] Got 0 sessions for read:user,repo,user:email,workflow...
2024-10-06 00:06:00.720 [info] Getting sessions for user:email...
2024-10-06 00:06:00.720 [info] Got 0 sessions for user:email...
2024-10-06 00:06:00.720 [info] Getting sessions for all scopes...
2024-10-06 00:06:00.720 [info] Got 0 sessions for ...
2024-10-06 00:06:00.721 [info] Getting sessions for all scopes...
2024-10-06 00:06:00.721 [info] Got 0 sessions for ...
2024-10-06 00:06:01.713 [info] Getting sessions for user:email...
2024-10-06 00:06:01.713 [info] Got 0 sessions for user:email...
2024-10-06 00:06:01.792 [info] Getting sessions for all scopes...
2024-10-06 00:06:01.792 [info] Got 0 sessions for ...
2024-10-06 00:06:01.793 [info] Getting sessions for user:email...
2024-10-06 00:06:01.793 [info] Got 0 sessions for user:email...
2024-10-06 00:06:01.794 [info] Getting sessions for all scopes...
2024-10-06 00:06:01.794 [info] Got 0 sessions for ...
2024-10-06 00:06:01.795 [info] Getting sessions for user:email...
2024-10-06 00:06:01.795 [info] Got 0 sessions for user:email...
2024-10-06 00:06:01.796 [info] Getting sessions for all scopes...
2024-10-06 00:06:01.796 [info] Got 0 sessions for ...
2024-10-06 00:06:01.797 [info] Getting sessions for user:email...
2024-10-06 00:06:01.797 [info] Got 0 sessions for user:email...
2024-10-06 00:06:13.308 [info] Reading sessions from keychain...
2024-10-06 00:06:13.308 [info] Getting sessions for all scopes...
2024-10-06 00:06:13.308 [info] Got 0 sessions for ...
2024-10-06 00:06:13.929 [info] Getting sessions for read:user,repo,user:email...
2024-10-06 00:06:13.929 [info] Got 0 sessions for read:user,repo,user:email...
2024-10-06 00:06:13.929 [info] Getting sessions for read:user,repo,user:email,workflow...
2024-10-06 00:06:13.929 [info] Got 0 sessions for read:user,repo,user:email,workflow...
2024-10-06 00:06:13.930 [info] Getting sessions for all scopes...
2024-10-06 00:06:13.930 [info] Got 0 sessions for ...
2024-10-06 00:06:13.930 [info] Getting sessions for all scopes...
2024-10-06 00:06:13.930 [info] Got 0 sessions for ...
2024-10-06 00:06:13.961 [info] Getting sessions for read:user...
2024-10-06 00:06:13.961 [info] Got 0 sessions for read:user...
2024-10-06 00:06:13.962 [info] Getting sessions for user:email...
2024-10-06 00:06:13.962 [info] Got 0 sessions for user:email...
2024-10-06 00:06:13.962 [info] Getting sessions for read:user,repo,user:email,workflow...
2024-10-06 00:06:13.962 [info] Got 0 sessions for read:user,repo,user:email,workflow...
2024-10-06 00:06:13.991 [info] Getting sessions for user:email...
2024-10-06 00:06:13.991 [info] Got 0 sessions for user:email...
2024-10-06 00:06:13.991 [info] Getting sessions for all scopes...
2024-10-06 00:06:13.991 [info] Got 0 sessions for ...
2024-10-06 00:06:13.991 [info] Getting sessions for all scopes...
2024-10-06 00:06:13.991 [info] Got 0 sessions for ...
2024-10-06 00:06:14.082 [info] Getting sessions for user:email...
2024-10-06 00:06:14.082 [info] Got 0 sessions for user:email...
2024-10-06 00:06:15.171 [info] Getting sessions for all scopes...
2024-10-06 00:06:15.171 [info] Got 0 sessions for ...
2024-10-06 00:06:15.183 [info] Getting sessions for user:email...
2024-10-06 00:06:15.183 [info] Got 0 sessions for user:email...
2024-10-06 00:06:15.201 [info] Getting sessions for all scopes...
2024-10-06 00:06:15.201 [info] Got 0 sessions for ...
2024-10-06 00:06:15.210 [info] Getting sessions for user:email...
2024-10-06 00:06:15.210 [info] Got 0 sessions for user:email...
2024-10-06 00:06:15.261 [info] Getting sessions for all scopes...
2024-10-06 00:06:15.261 [info] Got 0 sessions for ...
2024-10-06 00:06:15.262 [info] Getting sessions for user:email...
2024-10-06 00:06:15.262 [info] Got 0 sessions for user:email...
