2024-10-05 02:37:52.658 [info] Reading sessions from keychain...
2024-10-05 02:37:52.658 [info] Getting sessions for all scopes...
2024-10-05 02:37:52.658 [info] Got 0 sessions for ...
2024-10-05 02:37:52.658 [info] Getting sessions for read:user,repo,user:email...
2024-10-05 02:37:52.658 [info] Got 0 sessions for read:user,repo,user:email...
2024-10-05 02:39:13.037 [info] Getting sessions for read:user,repo,user:email,workflow...
2024-10-05 02:39:13.037 [info] Got 0 sessions for read:user,repo,user:email,workflow...
2024-10-05 02:39:13.037 [info] Getting sessions for all scopes...
2024-10-05 02:39:13.037 [info] Got 0 sessions for ...
2024-10-05 02:39:13.037 [info] Getting sessions for all scopes...
2024-10-05 02:39:13.037 [info] Got 0 sessions for ...
2024-10-05 02:39:13.046 [info] Getting sessions for read:user...
2024-10-05 02:39:13.046 [info] Got 0 sessions for read:user...
2024-10-05 02:39:13.046 [info] Getting sessions for user:email...
2024-10-05 02:39:13.047 [info] Got 0 sessions for user:email...
2024-10-05 02:39:13.047 [info] Getting sessions for read:user,repo,user:email,workflow...
2024-10-05 02:39:13.047 [info] Got 0 sessions for read:user,repo,user:email,workflow...
2024-10-05 02:39:13.052 [info] Getting sessions for user:email...
2024-10-05 02:39:13.052 [info] Got 0 sessions for user:email...
2024-10-05 02:39:13.052 [info] Getting sessions for all scopes...
2024-10-05 02:39:13.052 [info] Got 0 sessions for ...
2024-10-05 02:39:13.052 [info] Getting sessions for all scopes...
2024-10-05 02:39:13.052 [info] Got 0 sessions for ...
2024-10-05 02:39:13.059 [info] Getting sessions for user:email...
2024-10-05 02:39:13.059 [info] Got 0 sessions for user:email...
2024-10-05 02:39:13.972 [info] Getting sessions for all scopes...
2024-10-05 02:39:13.972 [info] Got 0 sessions for ...
2024-10-05 02:39:13.973 [info] Getting sessions for user:email...
2024-10-05 02:39:13.973 [info] Got 0 sessions for user:email...
2024-10-05 02:39:13.979 [info] Getting sessions for all scopes...
2024-10-05 02:39:13.979 [info] Got 0 sessions for ...
2024-10-05 02:39:13.979 [info] Getting sessions for user:email...
2024-10-05 02:39:13.979 [info] Got 0 sessions for user:email...
2024-10-05 02:39:13.980 [info] Getting sessions for all scopes...
2024-10-05 02:39:13.980 [info] Got 0 sessions for ...
2024-10-05 02:39:13.981 [info] Getting sessions for user:email...
2024-10-05 02:39:13.981 [info] Got 0 sessions for user:email...
2024-10-05 02:46:43.050 [info] Reading sessions from keychain...
2024-10-05 02:46:43.050 [info] Getting sessions for all scopes...
2024-10-05 02:46:43.050 [info] Got 0 sessions for ...
2024-10-05 02:46:43.051 [info] Getting sessions for read:user,repo,user:email...
2024-10-05 02:46:43.051 [info] Got 0 sessions for read:user,repo,user:email...
2024-10-05 02:46:50.374 [info] Getting sessions for read:user,repo,user:email,workflow...
2024-10-05 02:46:50.374 [info] Got 0 sessions for read:user,repo,user:email,workflow...
2024-10-05 02:46:50.375 [info] Getting sessions for all scopes...
2024-10-05 02:46:50.375 [info] Got 0 sessions for ...
2024-10-05 02:46:50.375 [info] Getting sessions for all scopes...
2024-10-05 02:46:50.375 [info] Got 0 sessions for ...
2024-10-05 02:46:50.379 [info] Getting sessions for read:user...
2024-10-05 02:46:50.379 [info] Got 0 sessions for read:user...
2024-10-05 02:46:50.380 [info] Getting sessions for user:email...
2024-10-05 02:46:50.380 [info] Got 0 sessions for user:email...
2024-10-05 02:46:50.380 [info] Getting sessions for read:user,repo,user:email,workflow...
2024-10-05 02:46:50.380 [info] Got 0 sessions for read:user,repo,user:email,workflow...
2024-10-05 02:46:50.382 [info] Getting sessions for user:email...
2024-10-05 02:46:50.383 [info] Got 0 sessions for user:email...
2024-10-05 02:46:50.383 [info] Getting sessions for all scopes...
2024-10-05 02:46:50.383 [info] Got 0 sessions for ...
2024-10-05 02:46:50.383 [info] Getting sessions for all scopes...
2024-10-05 02:46:50.383 [info] Got 0 sessions for ...
2024-10-05 02:46:51.301 [info] Getting sessions for user:email...
2024-10-05 02:46:51.301 [info] Got 0 sessions for user:email...
2024-10-05 02:46:51.305 [info] Getting sessions for all scopes...
2024-10-05 02:46:51.305 [info] Got 0 sessions for ...
2024-10-05 02:46:51.307 [info] Getting sessions for user:email...
2024-10-05 02:46:51.307 [info] Got 0 sessions for user:email...
2024-10-05 02:46:51.308 [info] Getting sessions for all scopes...
2024-10-05 02:46:51.308 [info] Got 0 sessions for ...
2024-10-05 02:46:51.308 [info] Getting sessions for user:email...
2024-10-05 02:46:51.308 [info] Got 0 sessions for user:email...
2024-10-05 02:46:51.309 [info] Getting sessions for all scopes...
2024-10-05 02:46:51.309 [info] Got 0 sessions for ...
2024-10-05 02:46:51.310 [info] Getting sessions for user:email...
2024-10-05 02:46:51.310 [info] Got 0 sessions for user:email...
