2024-10-06 16:27:00.946 [info] [main] Log level: Info
2024-10-06 16:27:00.946 [info] [main] Validating found git in: "git"
2024-10-06 16:27:00.946 [info] [main] Using git "2.46.2" from "git"
2024-10-06 16:27:00.946 [info] [Model][doInitialScan] Initial repository scan started
2024-10-06 16:27:00.946 [info] > git rev-parse --show-toplevel [7ms]
2024-10-06 16:27:00.946 [info] > git rev-parse --git-dir --git-common-dir [386ms]
2024-10-06 16:27:00.946 [info] [Model][openRepository] Opened repository: /home/mistamyke/MistaMyke-Dotfiles
2024-10-06 16:27:00.946 [info] > git rev-parse --show-toplevel [85ms]
2024-10-06 16:27:00.946 [info] > git config --get commit.template [90ms]
2024-10-06 16:27:00.967 [info] > git rev-parse --show-toplevel [15ms]
2024-10-06 16:27:00.967 [info] [Model][doInitialScan] Initial repository scan completed - repositories (1), closed repositories (0), parent repositories (0), unsafe repositories (0)
2024-10-06 16:27:00.982 [info] > git for-each-ref --format=%(refname)%00%(upstream:short)%00%(objectname)%00%(upstream:track)%00%(upstream:remotename)%00%(upstream:remoteref) refs/heads/main refs/remotes/main [17ms]
2024-10-06 16:27:00.993 [info] > git status -z -uall [2ms]
2024-10-06 16:27:01.025 [info] > git for-each-ref --format=%(refname)%00%(upstream:short)%00%(objectname)%00%(upstream:track)%00%(upstream:remotename)%00%(upstream:remoteref) refs/heads/main refs/remotes/main [10ms]
2024-10-06 16:27:01.040 [info] > git config --local branch.main.vscode-merge-base [11ms]
2024-10-06 16:27:01.040 [warning] [Git][config] git config failed: Failed to execute git
2024-10-06 16:27:01.044 [info] > git config --get commit.template [20ms]
2024-10-06 16:27:01.069 [info] > git show --textconv :mastering-git/test.js [11ms]
2024-10-06 16:27:01.073 [info] > git reflog main --grep-reflog=branch: Created from *. [30ms]
2024-10-06 16:27:01.099 [info] > git symbolic-ref --short refs/remotes/origin/HEAD [22ms]
2024-10-06 16:27:01.099 [info] fatal: ref refs/remotes/origin/HEAD is not a symbolic ref
2024-10-06 16:27:01.099 [info] > git ls-files --stage -- /home/mistamyke/MistaMyke-Dotfiles/mastering-git/test.js [37ms]
2024-10-06 16:27:01.121 [info] > git cat-file -s a243684db7f7c5aee224dab6662e3184c270e475 [18ms]
2024-10-06 16:27:01.122 [info] > git for-each-ref --format=%(refname)%00%(upstream:short)%00%(objectname)%00%(upstream:track)%00%(upstream:remotename)%00%(upstream:remoteref) refs/heads/main refs/remotes/main [27ms]
2024-10-06 16:27:01.176 [info] > git status -z -uall [51ms]
2024-10-06 16:27:01.190 [info] > git for-each-ref --format=%(refname)%00%(upstream:short)%00%(objectname)%00%(upstream:track)%00%(upstream:remotename)%00%(upstream:remoteref) refs/heads/main refs/remotes/main [5ms]
2024-10-06 16:27:01.196 [info] > git config --local branch.main.vscode-merge-base [2ms]
2024-10-06 16:27:01.196 [warning] [Git][config] git config failed: Failed to execute git
2024-10-06 16:27:01.204 [info] > git reflog main --grep-reflog=branch: Created from *. [4ms]
2024-10-06 16:27:01.243 [info] > git symbolic-ref --short refs/remotes/origin/HEAD [34ms]
2024-10-06 16:27:01.243 [info] fatal: ref refs/remotes/origin/HEAD is not a symbolic ref
2024-10-06 16:27:01.394 [info] > git log --format=%H%n%aN%n%aE%n%at%n%ct%n%P%n%D%n%B -z --shortstat --diff-merges=first-parent -n50 --skip=0 --topo-order --decorate=full 08ad006018202cbdb813f7d890f906075fda59f1 [71ms]
2024-10-06 16:27:01.401 [info] > git check-ignore -v -z --stdin [18ms]
2024-10-06 16:27:01.513 [info] > git log --format=%H%n%aN%n%aE%n%at%n%ct%n%P%n%D%n%B -z --shortstat --diff-merges=first-parent -n50 --skip=0 --topo-order --decorate=full 08ad006018202cbdb813f7d890f906075fda59f1 [12ms]
2024-10-06 16:27:15.951 [info] > git config --get commit.template [6ms]
2024-10-06 16:27:15.951 [info] > git for-each-ref --format=%(refname)%00%(upstream:short)%00%(objectname)%00%(upstream:track)%00%(upstream:remotename)%00%(upstream:remoteref) refs/heads/main refs/remotes/main [1ms]
2024-10-06 16:27:15.956 [info] > git status -z -uall [1ms]
2024-10-06 16:27:15.964 [info] > git for-each-ref --format=%(refname)%00%(upstream:short)%00%(objectname)%00%(upstream:track)%00%(upstream:remotename)%00%(upstream:remoteref) refs/heads/main refs/remotes/main [2ms]
2024-10-06 16:27:15.971 [info] > git config --local branch.main.vscode-merge-base [1ms]
2024-10-06 16:27:15.971 [warning] [Git][config] git config failed: Failed to execute git
2024-10-06 16:27:15.977 [info] > git reflog main --grep-reflog=branch: Created from *. [2ms]
2024-10-06 16:27:15.983 [info] > git symbolic-ref --short refs/remotes/origin/HEAD [1ms]
2024-10-06 16:27:15.983 [info] fatal: ref refs/remotes/origin/HEAD is not a symbolic ref
2024-10-06 16:27:16.046 [info] > git ls-files --stage -- /home/mistamyke/MistaMyke-Dotfiles/mastering-git/test.js [1ms]
2024-10-06 16:27:16.051 [info] > git cat-file -s a243684db7f7c5aee224dab6662e3184c270e475 [1ms]
2024-10-06 16:27:16.058 [info] > git show --textconv :mastering-git/test.js [1ms]
