2024-10-05 02:53:45.267 [info] Reading sessions from keychain...
2024-10-05 02:53:45.267 [info] Getting sessions for all scopes...
2024-10-05 02:53:45.267 [info] Got 0 sessions for ...
2024-10-05 02:53:45.267 [info] Getting sessions for read:user,repo,user:email...
2024-10-05 02:53:45.267 [info] Got 0 sessions for read:user,repo,user:email...
2024-10-05 02:53:45.267 [info] Getting sessions for read:user,repo,user:email,workflow...
2024-10-05 02:53:45.267 [info] Got 0 sessions for read:user,repo,user:email,workflow...
2024-10-05 02:53:45.267 [info] Getting sessions for all scopes...
2024-10-05 02:53:45.267 [info] Got 0 sessions for ...
2024-10-05 02:53:45.267 [info] Getting sessions for all scopes...
2024-10-05 02:53:45.267 [info] Got 0 sessions for ...
2024-10-05 02:53:45.306 [info] Getting sessions for read:user...
2024-10-05 02:53:45.306 [info] Got 0 sessions for read:user...
2024-10-05 02:53:45.307 [info] Getting sessions for user:email...
2024-10-05 02:53:45.307 [info] Got 0 sessions for user:email...
2024-10-05 02:53:45.308 [info] Getting sessions for read:user,repo,user:email,workflow...
2024-10-05 02:53:45.308 [info] Got 0 sessions for read:user,repo,user:email,workflow...
2024-10-05 02:53:45.365 [info] Getting sessions for user:email...
2024-10-05 02:53:45.365 [info] Got 0 sessions for user:email...
2024-10-05 02:53:45.365 [info] Getting sessions for all scopes...
2024-10-05 02:53:45.365 [info] Got 0 sessions for ...
2024-10-05 02:53:45.366 [info] Getting sessions for all scopes...
2024-10-05 02:53:45.366 [info] Got 0 sessions for ...
2024-10-05 02:53:46.305 [info] Getting sessions for user:email...
2024-10-05 02:53:46.305 [info] Got 0 sessions for user:email...
2024-10-05 02:53:46.318 [info] Getting sessions for all scopes...
2024-10-05 02:53:46.318 [info] Got 0 sessions for ...
2024-10-05 02:53:46.318 [info] Getting sessions for user:email...
2024-10-05 02:53:46.319 [info] Got 0 sessions for user:email...
2024-10-05 02:53:46.320 [info] Getting sessions for all scopes...
2024-10-05 02:53:46.320 [info] Got 0 sessions for ...
2024-10-05 02:53:46.321 [info] Getting sessions for user:email...
2024-10-05 02:53:46.321 [info] Got 0 sessions for user:email...
2024-10-05 02:53:46.322 [info] Getting sessions for all scopes...
2024-10-05 02:53:46.322 [info] Got 0 sessions for ...
2024-10-05 02:53:46.415 [info] Getting sessions for user:email...
2024-10-05 02:53:46.415 [info] Got 0 sessions for user:email...
