2024-10-06T20:32:33.247Z - info: [ui] [AppStore] loading 0 repositories from store
2024-10-06T20:32:33.273Z - info: [ui] [Welcome] no sign in step found. ignoring...
2024-10-06T20:32:33.296Z - info: [ui] [Welcome] no sign in step found. ignoring...
2024-10-06T20:32:33.300Z - info: [ui] launching: 3.4.3-linux1 (Linux 6.11.2-arch1-1)
2024-10-06T20:32:33.304Z - info: [ui] execPath: '/opt/github-desktop/github-desktop'
2024-10-06T20:32:33.430Z - info: [ui] [Welcome] no sign in step found. ignoring...
2024-10-06T20:32:33.465Z - info: [ui] [Welcome] no sign in step found. ignoring...
2024-10-06T20:32:33.476Z - info: [ui] Opt in reported.
2024-10-06T20:32:33.478Z - info: [ui] [Welcome] no sign in step found. ignoring...
2024-10-06T20:32:36.396Z - info: [ui] [Welcome] no sign in step found. ignoring...
2024-10-06T20:32:38.513Z - info: [ui] [Welcome] advancing to step: SignInToDotComWithBrowser
2024-10-06T20:32:38.513Z - info: [ui] [SignInStore] initializing OAuth flow
2024-10-06T20:32:38.516Z - info: [main] opening in browser: https://github.com/login/oauth/authorize?client_id=3a723b10ac5575cc5bb9&scope=repo%20user%20workflow&state=b1d924e2-a7cb-4a8e-8fde-44cc95a25a72
2024-10-06T20:32:38.516Z - info: [ui] [SignInStore] account resolved
2024-10-06T20:32:38.517Z - info: [ui] [Welcome] current sign in state not found. ignoring...
2024-10-06T20:32:40.100Z - info: [ui] [Welcome] advancing to step: SignInToDotComWithBrowser
2024-10-06T20:32:40.102Z - info: [ui] [SignInStore] initializing OAuth flow
2024-10-06T20:32:40.103Z - info: [main] opening in browser: https://github.com/login/oauth/authorize?client_id=3a723b10ac5575cc5bb9&scope=repo%20user%20workflow&state=151eedfb-3fec-4f50-8bac-1d6b462d9130
2024-10-06T20:32:40.103Z - info: [ui] [SignInStore] account resolved
2024-10-06T20:32:40.103Z - info: [ui] [SignInStore] OAuth error but session has changed: Error: cancelled
2024-10-06T20:32:40.103Z - info: [ui] [Welcome] kind Authentication is the same as Authentication. ignoring...
2024-10-06T20:32:40.271Z - info: [ui] [Welcome] advancing to step: SignInToDotComWithBrowser
2024-10-06T20:32:40.276Z - info: [ui] [SignInStore] initializing OAuth flow
2024-10-06T20:32:40.276Z - info: [main] opening in browser: https://github.com/login/oauth/authorize?client_id=3a723b10ac5575cc5bb9&scope=repo%20user%20workflow&state=650634db-6efd-4c19-b95f-dc0e2337b6f7
2024-10-06T20:32:40.276Z - info: [ui] [SignInStore] account resolved
2024-10-06T20:32:40.276Z - info: [ui] [SignInStore] OAuth error but session has changed: Error: cancelled
2024-10-06T20:32:40.276Z - info: [ui] [Welcome] kind Authentication is the same as Authentication. ignoring...
2024-10-06T20:32:40.974Z - info: [ui] [Welcome] advancing to step: SignInToDotComWithBrowser
2024-10-06T20:32:40.978Z - info: [ui] [SignInStore] initializing OAuth flow
2024-10-06T20:32:40.978Z - info: [main] opening in browser: https://github.com/login/oauth/authorize?client_id=3a723b10ac5575cc5bb9&scope=repo%20user%20workflow&state=d846e581-e493-45c7-a3ec-2348fce3bb83
2024-10-06T20:32:40.978Z - info: [ui] [SignInStore] account resolved
2024-10-06T20:32:40.978Z - info: [ui] [SignInStore] OAuth error but session has changed: Error: cancelled
2024-10-06T20:32:40.979Z - info: [ui] [Welcome] kind Authentication is the same as Authentication. ignoring...
2024-10-06T20:32:42.605Z - info: [ui] [Welcome] kind Authentication is the same as Authentication. ignoring...
2024-10-06T20:32:43.080Z - info: [ui] [Welcome] kind Authentication is the same as Authentication. ignoring...
2024-10-06T20:32:43.096Z - info: [ui] [Welcome] kind Authentication is the same as Authentication. ignoring...
2024-10-06T20:32:43.982Z - info: [ui] [Welcome] advancing to step: SignInToDotComWithBrowser
2024-10-06T20:32:43.984Z - info: [ui] [SignInStore] initializing OAuth flow
2024-10-06T20:32:43.984Z - info: [main] opening in browser: https://github.com/login/oauth/authorize?client_id=3a723b10ac5575cc5bb9&scope=repo%20user%20workflow&state=9923b868-5696-4e1f-80b8-e376c6af0ed8
2024-10-06T20:32:43.984Z - info: [ui] [SignInStore] account resolved
2024-10-06T20:32:43.984Z - info: [ui] [SignInStore] OAuth error but session has changed: Error: cancelled
2024-10-06T20:32:43.985Z - info: [ui] [Welcome] kind Authentication is the same as Authentication. ignoring...
2024-10-06T20:32:44.159Z - info: [ui] [Welcome] advancing to step: SignInToDotComWithBrowser
2024-10-06T20:32:44.161Z - info: [ui] [SignInStore] initializing OAuth flow
2024-10-06T20:32:44.162Z - info: [main] opening in browser: https://github.com/login/oauth/authorize?client_id=3a723b10ac5575cc5bb9&scope=repo%20user%20workflow&state=8c2800ef-abe3-42c9-9bfc-368cc6f239db
2024-10-06T20:32:44.162Z - info: [ui] [SignInStore] account resolved
2024-10-06T20:32:44.162Z - info: [ui] [SignInStore] OAuth error but session has changed: Error: cancelled
2024-10-06T20:32:44.162Z - info: [ui] [Welcome] kind Authentication is the same as Authentication. ignoring...
2024-10-06T20:32:45.656Z - info: [ui] [Welcome] advancing to step: SignInToDotComWithBrowser
2024-10-06T20:32:45.658Z - info: [ui] [SignInStore] initializing OAuth flow
2024-10-06T20:32:45.658Z - info: [main] opening in browser: https://github.com/login/oauth/authorize?client_id=3a723b10ac5575cc5bb9&scope=repo%20user%20workflow&state=8a3c8f8e-4542-473c-8f0d-d24d34face79
2024-10-06T20:32:45.659Z - info: [ui] [SignInStore] account resolved
2024-10-06T20:32:45.659Z - info: [ui] [SignInStore] OAuth error but session has changed: Error: cancelled
2024-10-06T20:32:45.659Z - info: [ui] [Welcome] kind Authentication is the same as Authentication. ignoring...
2024-10-06T20:32:50.592Z - info: [ui] [Welcome] advancing to step: SignInToDotComWithBrowser
2024-10-06T20:32:50.594Z - info: [ui] [SignInStore] initializing OAuth flow
2024-10-06T20:32:50.594Z - info: [main] opening in browser: https://github.com/login/oauth/authorize?client_id=3a723b10ac5575cc5bb9&scope=repo%20user%20workflow&state=4b87b675-ea64-4714-880f-b3e184c5ba51
2024-10-06T20:32:50.594Z - info: [ui] [SignInStore] account resolved
2024-10-06T20:32:50.595Z - info: [ui] [SignInStore] OAuth error but session has changed: Error: cancelled
2024-10-06T20:32:50.595Z - info: [ui] [Welcome] kind Authentication is the same as Authentication. ignoring...
2024-10-06T20:32:51.133Z - info: [ui] [Welcome] advancing to step: SignInToDotComWithBrowser
2024-10-06T20:32:51.136Z - info: [ui] [SignInStore] initializing OAuth flow
2024-10-06T20:32:51.136Z - info: [main] opening in browser: https://github.com/login/oauth/authorize?client_id=3a723b10ac5575cc5bb9&scope=repo%20user%20workflow&state=bbec61c8-ed14-49f5-954f-bd584deb7eb6
2024-10-06T20:32:51.136Z - info: [ui] [SignInStore] account resolved
2024-10-06T20:32:51.137Z - info: [ui] [SignInStore] OAuth error but session has changed: Error: cancelled
2024-10-06T20:32:51.137Z - info: [ui] [Welcome] kind Authentication is the same as Authentication. ignoring...
2024-10-06T20:32:51.739Z - info: [ui] [Welcome] advancing to step: SignInToEnterprise
2024-10-06T20:32:51.741Z - info: [ui] [SignInStore] OAuth error but session has changed: Error: cancelled
2024-10-06T20:32:52.762Z - info: [ui] [Welcome] advancing to step: Start
2024-10-06T20:32:53.631Z - info: [ui] [Welcome] advancing to step: SignInToDotComWithBrowser
2024-10-06T20:32:53.633Z - info: [ui] [SignInStore] initializing OAuth flow
2024-10-06T20:32:53.633Z - info: [main] opening in browser: https://github.com/login/oauth/authorize?client_id=3a723b10ac5575cc5bb9&scope=repo%20user%20workflow&state=b49ac762-423b-490b-8b28-718223e2d548
2024-10-06T20:32:53.633Z - info: [ui] [SignInStore] account resolved
2024-10-06T20:32:54.108Z - info: [ui] [Welcome] advancing to step: SignInToDotComWithBrowser
2024-10-06T20:32:54.110Z - info: [ui] [SignInStore] initializing OAuth flow
2024-10-06T20:32:54.110Z - info: [main] opening in browser: https://github.com/login/oauth/authorize?client_id=3a723b10ac5575cc5bb9&scope=repo%20user%20workflow&state=e508c0f3-c55e-412a-bbc9-c4475af0feb6
2024-10-06T20:32:54.110Z - info: [ui] [SignInStore] account resolved
2024-10-06T20:32:54.110Z - info: [ui] [SignInStore] OAuth error but session has changed: Error: cancelled
2024-10-06T20:32:54.111Z - info: [ui] [Welcome] kind Authentication is the same as Authentication. ignoring...
2024-10-06T20:32:54.439Z - info: [ui] [Welcome] advancing to step: SignInToDotComWithBrowser
2024-10-06T20:32:54.441Z - info: [ui] [SignInStore] initializing OAuth flow
2024-10-06T20:32:54.441Z - info: [main] opening in browser: https://github.com/login/oauth/authorize?client_id=3a723b10ac5575cc5bb9&scope=repo%20user%20workflow&state=c392015f-0df9-4281-9d9a-2f94c678ed72
2024-10-06T20:32:54.441Z - info: [ui] [SignInStore] account resolved
2024-10-06T20:32:54.441Z - info: [ui] [SignInStore] OAuth error but session has changed: Error: cancelled
2024-10-06T20:32:54.442Z - info: [ui] [Welcome] kind Authentication is the same as Authentication. ignoring...
2024-10-06T20:32:57.690Z - info: [ui] [Welcome] advancing to step: SignInToDotComWithBrowser
2024-10-06T20:32:57.692Z - info: [ui] [SignInStore] initializing OAuth flow
2024-10-06T20:32:57.692Z - info: [main] opening in browser: https://github.com/login/oauth/authorize?client_id=3a723b10ac5575cc5bb9&scope=repo%20user%20workflow&state=ea8989e5-5c45-4722-acb0-77868305e6c2
2024-10-06T20:32:57.692Z - info: [ui] [SignInStore] account resolved
2024-10-06T20:32:57.692Z - info: [ui] [SignInStore] OAuth error but session has changed: Error: cancelled
2024-10-06T20:32:57.693Z - info: [ui] [Welcome] kind Authentication is the same as Authentication. ignoring...
2024-10-06T20:32:59.115Z - info: [ui] [Welcome] advancing to step: SignInToDotComWithBrowser
2024-10-06T20:32:59.117Z - info: [ui] [SignInStore] initializing OAuth flow
2024-10-06T20:32:59.117Z - info: [main] opening in browser: https://github.com/login/oauth/authorize?client_id=3a723b10ac5575cc5bb9&scope=repo%20user%20workflow&state=67bc86a2-3cbd-4068-a8d9-7dde70b51506
2024-10-06T20:32:59.117Z - info: [ui] [SignInStore] account resolved
2024-10-06T20:32:59.117Z - info: [ui] [SignInStore] OAuth error but session has changed: Error: cancelled
2024-10-06T20:32:59.118Z - info: [ui] [Welcome] kind Authentication is the same as Authentication. ignoring...
2024-10-06T20:33:00.035Z - info: [ui] [Welcome] kind Authentication is the same as Authentication. ignoring...
2024-10-06T20:33:00.832Z - info: [ui] [Welcome] kind Authentication is the same as Authentication. ignoring...
2024-10-06T20:33:05.627Z - info: [ui] [Welcome] kind Authentication is the same as Authentication. ignoring...
2024-10-06T20:33:05.643Z - info: [ui] [Welcome] kind Authentication is the same as Authentication. ignoring...
2024-10-06T20:33:41.018Z - info: [ui] [Welcome] kind Authentication is the same as Authentication. ignoring...
2024-10-06T20:33:48.489Z - info: [main] Received possible protocol arguments: 3
2024-10-06T20:33:48.490Z - info: [main] Processing protocol url
2024-10-06T20:33:48.496Z - info: [ui] [Welcome] kind Authentication is the same as Authentication. ignoring...
2024-10-06T20:33:48.620Z - info: [main] Received possible protocol arguments: 2
2024-10-06T20:33:48.623Z - info: [main] Processing protocol url
2024-10-06T20:33:49.174Z - info: [ui] [AppStore] adding account MistaMyke (MistaMyke) to store
2024-10-06T20:33:49.175Z - info: [ui] [Welcome] advancing to step: ConfigureGit
2024-10-06T20:33:49.207Z - info: [ui] [Welcome] no sign in step found. ignoring...
2024-10-06T20:33:49.366Z - info: [ui] [Welcome] no sign in step found. ignoring...
2024-10-06T20:33:49.395Z - info: [ui] Subscribed 'MistaMyke' to Alive channel
2024-10-06T20:33:49.901Z - info: [ui] [Welcome] no sign in step found. ignoring...
2024-10-06T20:34:16.628Z - info: [ui] credential-helper: found GitHub credential for https://github.com/ in store
2024-10-06T20:34:16.827Z - info: [ui] [AppStore] adding repository at /home/mistamyke/GitHub/MistaMyke-Dotfiles to store
2024-10-06T20:34:29.885Z - info: [main] opening in browser: https://github.com/MistaMyke/MistaMyke-Dotfiles
2024-10-06T20:34:40.463Z - info: [ui] credential-helper: found GitHub credential for https://github.com/ in store
2024-10-06T20:34:40.835Z - info: [ui] credential-helper: found GitHub credential for https://github.com/ in store
2024-10-06T20:34:41.025Z - info: [ui] [RepositoryIndicatorUpdater]: Refreshing sidebar indicators for 1 repositories took 0.8s of which 0.0s paused, total 0.8s
2024-10-06T20:37:24.444Z - info: [ui] [AppStore] loading 1 repositories from store
2024-10-06T20:37:24.446Z - info: [ui] [AppStore] found account: MistaMyke (MistaMyke)
2024-10-06T20:37:24.476Z - info: [ui] [BranchPruner] Last prune took place 3 minutes ago - skipping
2024-10-06T20:37:24.793Z - info: [ui] Subscribed 'MistaMyke' to Alive channel
2024-10-06T20:37:24.796Z - info: [ui] launching: 3.4.3-linux1 (Linux 6.11.2-arch1-1)
2024-10-06T20:37:24.796Z - info: [ui] execPath: '/opt/github-desktop/github-desktop'
2024-10-06T20:37:25.039Z - info: [ui] Stats reported.
2024-10-06T20:37:35.823Z - info: [ui] credential-helper: found GitHub credential for https://github.com/ in store
2024-10-06T20:37:36.208Z - info: [ui] credential-helper: found GitHub credential for https://github.com/ in store
