2024-10-06 16:27:01.438 [info] Reading sessions from keychain...
2024-10-06 16:27:01.438 [info] Getting sessions for all scopes...
2024-10-06 16:27:01.442 [info] Getting sessions for read:user,repo,user:email...
2024-10-06 16:27:01.442 [info] Getting sessions for read:user,repo,user:email,workflow...
2024-10-06 16:27:01.442 [info] Getting sessions for all scopes...
2024-10-06 16:27:01.442 [info] Getting sessions for all scopes...
2024-10-06 16:27:01.442 [info] Getting sessions for read:user,repo,user:email,workflow...
2024-10-06 16:27:01.442 [info] Got stored sessions!
2024-10-06 16:27:01.442 [info] Got 1 verified sessions.
2024-10-06 16:27:01.443 [info] Got 1 sessions for ...
2024-10-06 16:27:01.443 [info] Got 0 sessions for read:user,repo,user:email...
2024-10-06 16:27:01.443 [info] Got 1 sessions for read:user,repo,user:email,workflow...
2024-10-06 16:27:01.443 [info] Got 1 sessions for ...
2024-10-06 16:27:01.443 [info] Got 1 sessions for ...
2024-10-06 16:27:01.443 [info] Got 1 sessions for read:user,repo,user:email,workflow...
2024-10-06 16:27:02.472 [info] Getting sessions for read:user...
2024-10-06 16:27:02.472 [info] Got 0 sessions for read:user...
2024-10-06 16:27:02.472 [info] Getting sessions for read:user,repo,user:email,workflow...
2024-10-06 16:27:02.472 [info] Got 1 sessions for read:user,repo,user:email,workflow...
2024-10-06 16:27:02.520 [info] Getting sessions for user:email...
2024-10-06 16:27:02.520 [info] Got 0 sessions for user:email...
2024-10-06 16:27:02.526 [info] Getting sessions for user:email...
2024-10-06 16:27:02.527 [info] Got 0 sessions for user:email...
2024-10-06 16:27:02.527 [info] Getting sessions for read:user,repo,user:email,workflow...
2024-10-06 16:27:02.527 [info] Got 1 sessions for read:user,repo,user:email,workflow...
2024-10-06 16:27:02.643 [info] Getting sessions for read:user...
2024-10-06 16:27:02.643 [info] Got 0 sessions for read:user...
2024-10-06 16:27:02.646 [info] Getting sessions for all scopes...
2024-10-06 16:27:02.646 [info] Got 1 sessions for ...
2024-10-06 16:27:02.646 [info] Getting sessions for all scopes...
2024-10-06 16:27:02.646 [info] Got 1 sessions for ...
2024-10-06 16:27:02.657 [info] Getting sessions for read:user,repo,user:email,workflow...
2024-10-06 16:27:02.657 [info] Got 1 sessions for read:user,repo,user:email,workflow...
2024-10-06 16:27:02.658 [info] Getting sessions for user:email...
2024-10-06 16:27:02.658 [info] Got 0 sessions for user:email...
2024-10-06 16:27:02.659 [info] Getting sessions for read:user...
2024-10-06 16:27:02.659 [info] Got 0 sessions for read:user...
2024-10-06 16:27:02.697 [info] Getting sessions for all scopes...
2024-10-06 16:27:02.697 [info] Got 1 sessions for ...
2024-10-06 16:27:02.706 [info] Getting sessions for read:user,repo,user:email,workflow...
2024-10-06 16:27:02.706 [info] Got 1 sessions for read:user,repo,user:email,workflow...
2024-10-06 16:27:02.744 [info] Getting sessions for user:email...
2024-10-06 16:27:02.744 [info] Got 0 sessions for user:email...
2024-10-06 16:27:02.756 [info] Getting sessions for read:user...
2024-10-06 16:27:02.756 [info] Got 0 sessions for read:user...
2024-10-06 16:27:02.761 [info] Getting sessions for all scopes...
2024-10-06 16:27:02.761 [info] Got 1 sessions for ...
2024-10-06 16:27:02.762 [info] Getting sessions for read:user,repo,user:email,workflow...
2024-10-06 16:27:02.762 [info] Got 1 sessions for read:user,repo,user:email,workflow...
2024-10-06 16:27:02.764 [info] Getting sessions for user:email...
2024-10-06 16:27:02.764 [info] Got 0 sessions for user:email...
2024-10-06 16:27:02.770 [info] Getting sessions for read:user...
2024-10-06 16:27:02.770 [info] Got 0 sessions for read:user...
2024-10-06 16:27:02.771 [info] Getting sessions for all scopes...
2024-10-06 16:27:02.771 [info] Got 1 sessions for ...
2024-10-06 16:27:02.772 [info] Getting sessions for read:user,repo,user:email,workflow...
2024-10-06 16:27:02.772 [info] Got 1 sessions for read:user,repo,user:email,workflow...
2024-10-06 16:27:02.773 [info] Getting sessions for user:email...
2024-10-06 16:27:02.773 [info] Got 0 sessions for user:email...
2024-10-06 16:27:02.774 [info] Getting sessions for read:user...
2024-10-06 16:27:02.774 [info] Got 0 sessions for read:user...
