2024-10-05 02:37:09.454 [info] Telemetry level is off
2024-10-05 02:37:09.454 [info] Experiments are disabled, only manually opted experiments are active.
2024-10-05 02:37:09.454 [info] Starting Environment refresh
2024-10-05 02:37:09.454 [info] Searching for interpreters in posix paths locator
2024-10-05 02:37:09.454 [info] Searching for pyenv environments
2024-10-05 02:37:09.454 [info] Searching for conda environments
2024-10-05 02:37:09.454 [info] Searching for global virtual environments
2024-10-05 02:37:09.454 [info] Searching for custom virtual environments
2024-10-05 02:37:09.454 [info] pyenv is not installed
2024-10-05 02:37:09.454 [info] Finished searching for pyenv environments: 13 milliseconds
2024-10-05 02:37:09.454 [info] Finished searching for custom virtual envs: 13 milliseconds
2024-10-05 02:37:09.454 [info] > conda info --json
2024-10-05 02:37:09.454 [info] Finished searching for global virtual envs: 36 milliseconds
2024-10-05 02:37:09.457 [info] Found: /bin/python --> /bin/python3.12
2024-10-05 02:37:09.458 [info] Found: /bin/python3 --> /bin/python3.12
2024-10-05 02:37:09.458 [info] Found: /bin/python3.12 --> /bin/python3.12
2024-10-05 02:37:09.482 [info] Found: /sbin/python --> /sbin/python3.12
2024-10-05 02:37:09.482 [info] Found: /sbin/python3 --> /sbin/python3.12
2024-10-05 02:37:09.482 [info] Found: /sbin/python3.12 --> /sbin/python3.12
2024-10-05 02:37:09.489 [info] Found: /usr/bin/python --> /usr/bin/python3.12
2024-10-05 02:37:09.489 [info] Found: /usr/bin/python3 --> /usr/bin/python3.12
2024-10-05 02:37:09.489 [info] Found: /usr/bin/python3.12 --> /usr/bin/python3.12
2024-10-05 02:37:09.513 [info] Found: /usr/sbin/python --> /usr/sbin/python3.12
2024-10-05 02:37:09.514 [info] Found: /usr/sbin/python3 --> /usr/sbin/python3.12
2024-10-05 02:37:09.514 [info] Found: /usr/sbin/python3.12 --> /usr/sbin/python3.12
2024-10-05 02:37:09.551 [info] > /bin/python -I ~/.vscode-oss/extensions/ms-python.python-2024.14.1-linux-x64/python_files/get_output_via_markers.py ~/.vscode-oss/extensions/ms-python.python-2024.14.1-linux-x64/python_files/interpreterInfo.py
2024-10-05 02:37:09.575 [info] > /sbin/python -I ~/.vscode-oss/extensions/ms-python.python-2024.14.1-linux-x64/python_files/get_output_via_markers.py ~/.vscode-oss/extensions/ms-python.python-2024.14.1-linux-x64/python_files/interpreterInfo.py
2024-10-05 02:37:09.579 [info] Finished searching for interpreters in posix paths locator: 180 milliseconds
2024-10-05 02:37:09.590 [info] Environments refresh paths discovered (event): 192 milliseconds
2024-10-05 02:37:09.590 [info] Environments refresh paths discovered: 192 milliseconds
2024-10-05 02:37:09.612 [info] > /usr/bin/python -I ~/.vscode-oss/extensions/ms-python.python-2024.14.1-linux-x64/python_files/get_output_via_markers.py ~/.vscode-oss/extensions/ms-python.python-2024.14.1-linux-x64/python_files/interpreterInfo.py
2024-10-05 02:37:09.634 [info] > /usr/sbin/python -I ~/.vscode-oss/extensions/ms-python.python-2024.14.1-linux-x64/python_files/get_output_via_markers.py ~/.vscode-oss/extensions/ms-python.python-2024.14.1-linux-x64/python_files/interpreterInfo.py
2024-10-05 02:37:09.670 [info] Environments refresh finished (event): 272 milliseconds
2024-10-05 02:37:09.675 [info] Environment refresh took 277 milliseconds
2024-10-05 02:37:09.679 [info] > pixi --version
2024-10-05 02:37:09.681 [warning] could not find a pixi interpreter for the interpreter at /bin/python
2024-10-05 02:37:09.687 [error] Failed to get conda envs from environments.txt [TypeError: e.splitLines is not a function
	at /home/mistamyke/.vscode-oss/extensions/ms-python.python-2024.14.1-linux-x64/out/client/extension.js:2:604954
	at async /home/mistamyke/.vscode-oss/extensions/ms-python.python-2024.14.1-linux-x64/out/client/extension.js:2:604904
	at async Promise.all (index 2)
	at async /home/mistamyke/.vscode-oss/extensions/ms-python.python-2024.14.1-linux-x64/out/client/extension.js:2:604625
	at async x.sendTelemetryImpl (/home/mistamyke/.vscode-oss/extensions/ms-python.python-2024.14.1-linux-x64/out/client/extension.js:2:604016)]
2024-10-05 02:37:09.696 [info] Python interpreter path: /bin/python
2024-10-05 02:37:10.009 [info] Starting Pylance language server.
2024-10-05 02:37:10.022 [info] > /usr/sbin/python3.12 -I ~/.vscode-oss/extensions/ms-python.python-2024.14.1-linux-x64/python_files/get_output_via_markers.py ~/.vscode-oss/extensions/ms-python.python-2024.14.1-linux-x64/python_files/interpreterInfo.py
2024-10-05 02:37:10.027 [info] > /sbin/python3.12 -I ~/.vscode-oss/extensions/ms-python.python-2024.14.1-linux-x64/python_files/get_output_via_markers.py ~/.vscode-oss/extensions/ms-python.python-2024.14.1-linux-x64/python_files/interpreterInfo.py
2024-10-05 02:37:10.057 [info] > /usr/sbin/python3 -I ~/.vscode-oss/extensions/ms-python.python-2024.14.1-linux-x64/python_files/get_output_via_markers.py ~/.vscode-oss/extensions/ms-python.python-2024.14.1-linux-x64/python_files/interpreterInfo.py
2024-10-05 02:37:10.062 [info] > /sbin/python3 -I ~/.vscode-oss/extensions/ms-python.python-2024.14.1-linux-x64/python_files/get_output_via_markers.py ~/.vscode-oss/extensions/ms-python.python-2024.14.1-linux-x64/python_files/interpreterInfo.py
