2024-10-05 23:51:39.730 [info] [main] Log level: Info
2024-10-05 23:51:39.730 [info] [main] Validating found git in: "git"
2024-10-05 23:51:39.730 [info] [main] Using git "2.46.2" from "git"
2024-10-05 23:51:39.730 [info] [Model][doInitialScan] Initial repository scan started
2024-10-05 23:51:39.730 [info] > git rev-parse --show-toplevel [6ms]
2024-10-05 23:51:40.532 [info] > git rev-parse --show-toplevel [1ms]
2024-10-05 23:51:40.656 [info] > git rev-parse --show-toplevel [118ms]
2024-10-05 23:51:40.660 [info] > git rev-parse --show-toplevel [1ms]
2024-10-05 23:51:40.664 [info] > git rev-parse --show-toplevel [1ms]
2024-10-05 23:51:40.754 [info] > git rev-parse --show-toplevel [87ms]
2024-10-05 23:51:41.292 [info] > git rev-parse --show-toplevel [155ms]
2024-10-05 23:51:41.385 [info] > git rev-parse --show-toplevel [28ms]
2024-10-05 23:51:41.405 [info] > git rev-parse --show-toplevel [4ms]
2024-10-05 23:51:41.416 [info] > git rev-parse --show-toplevel [2ms]
2024-10-05 23:51:41.464 [info] > git rev-parse --show-toplevel [3ms]
2024-10-05 23:51:41.472 [info] > git rev-parse --show-toplevel [2ms]
2024-10-05 23:51:41.509 [info] > git rev-parse --show-toplevel [18ms]
2024-10-05 23:51:41.577 [info] > git rev-parse --show-toplevel [1ms]
2024-10-05 23:51:42.564 [info] > git rev-parse --show-toplevel [1ms]
2024-10-05 23:51:42.572 [info] > git rev-parse --show-toplevel [1ms]
2024-10-05 23:51:42.577 [info] > git rev-parse --show-toplevel [1ms]
2024-10-05 23:51:42.583 [info] > git rev-parse --show-toplevel [1ms]
2024-10-05 23:51:42.595 [info] > git rev-parse --show-toplevel [7ms]
2024-10-05 23:51:42.607 [info] > git rev-parse --show-toplevel [5ms]
2024-10-05 23:51:42.614 [info] > git rev-parse --show-toplevel [1ms]
2024-10-05 23:51:42.621 [info] > git rev-parse --show-toplevel [2ms]
2024-10-05 23:51:42.628 [info] > git rev-parse --show-toplevel [1ms]
2024-10-05 23:51:42.635 [info] > git rev-parse --show-toplevel [2ms]
2024-10-05 23:51:42.641 [info] > git rev-parse --show-toplevel [1ms]
2024-10-05 23:51:42.692 [info] > git rev-parse --show-toplevel [47ms]
2024-10-05 23:51:42.698 [info] > git rev-parse --show-toplevel [1ms]
2024-10-05 23:51:42.702 [info] > git rev-parse --show-toplevel [1ms]
2024-10-05 23:51:42.707 [info] > git rev-parse --show-toplevel [1ms]
2024-10-05 23:51:42.712 [info] > git rev-parse --show-toplevel [1ms]
2024-10-05 23:51:42.716 [info] > git rev-parse --show-toplevel [0ms]
2024-10-05 23:51:42.721 [info] > git rev-parse --show-toplevel [1ms]
2024-10-05 23:51:42.726 [info] > git rev-parse --show-toplevel [1ms]
2024-10-05 23:51:42.731 [info] > git rev-parse --show-toplevel [1ms]
2024-10-05 23:51:42.735 [info] > git rev-parse --show-toplevel [1ms]
2024-10-05 23:51:42.744 [info] > git rev-parse --show-toplevel [4ms]
2024-10-05 23:51:42.749 [info] > git rev-parse --show-toplevel [1ms]
2024-10-05 23:51:42.754 [info] > git rev-parse --show-toplevel [1ms]
2024-10-05 23:51:42.759 [info] > git rev-parse --show-toplevel [1ms]
2024-10-05 23:51:42.764 [info] > git rev-parse --show-toplevel [1ms]
2024-10-05 23:51:42.764 [info] [Model][doInitialScan] Initial repository scan completed - repositories (0), closed repositories (0), parent repositories (1), unsafe repositories (0)
2024-10-05 23:51:42.769 [info] > git rev-parse --show-toplevel [1ms]
2024-10-05 23:51:42.775 [info] > git rev-parse --show-toplevel [1ms]
2024-10-05 23:51:42.781 [info] > git rev-parse --show-toplevel [1ms]
2024-10-05 23:56:25.211 [info] [main] Log level: Info
2024-10-05 23:56:25.211 [info] [main] Validating found git in: "git"
2024-10-05 23:56:25.211 [info] [main] Using git "2.46.2" from "git"
2024-10-05 23:56:25.211 [info] [Model][doInitialScan] Initial repository scan started
2024-10-05 23:56:25.211 [info] [Model][doInitialScan] Initial repository scan completed - repositories (0), closed repositories (0), parent repositories (0), unsafe repositories (0)
2024-10-06 00:00:38.737 [info] [main] Log level: Info
2024-10-06 00:00:38.737 [info] [main] Validating found git in: "git"
2024-10-06 00:00:38.737 [info] [main] Using git "2.46.2" from "git"
2024-10-06 00:00:38.737 [info] [Model][doInitialScan] Initial repository scan started
2024-10-06 00:00:38.741 [info] > git rev-parse --show-toplevel [5ms]
2024-10-06 00:00:38.751 [info] [Model][doInitialScan] Initial repository scan completed - repositories (0), closed repositories (0), parent repositories (1), unsafe repositories (0)
2024-10-06 00:00:39.472 [info] > git rev-parse --show-toplevel [5ms]
2024-10-06 00:00:39.525 [info] > git rev-parse --show-toplevel [39ms]
2024-10-06 00:00:40.635 [info] > git rev-parse --show-toplevel [1ms]
2024-10-06 00:00:55.989 [info] > git rev-parse --show-toplevel [1ms]
2024-10-06 00:00:55.994 [info] > git rev-parse --git-dir --git-common-dir [1ms]
2024-10-06 00:00:56.002 [info] [Model][openRepository] Opened repository: /home/mistamyke
2024-10-06 00:00:56.010 [info] > git config --get commit.template [1ms]
2024-10-06 00:00:56.016 [info] [Git][getRemotes] No remotes found in the git config file
2024-10-06 00:00:56.017 [info] > git for-each-ref --format=%(refname)%00%(upstream:short)%00%(objectname)%00%(upstream:track)%00%(upstream:remotename)%00%(upstream:remoteref) refs/heads/master refs/remotes/master [2ms]
2024-10-06 00:00:56.017 [warning] [Git][getBranch] No such branch: master
2024-10-06 00:00:56.783 [info] > git status -z -uall [760ms] (cancelled)
2024-10-06 00:01:18.310 [info] > git for-each-ref --format=%(refname)%00%(upstream:short)%00%(objectname)%00%(upstream:track)%00%(upstream:remotename)%00%(upstream:remoteref) refs/heads/master refs/remotes/master [64ms]
2024-10-06 00:01:18.310 [warning] [Git][getBranch] No such branch: master
2024-10-06 00:01:18.312 [info] > git config --get commit.template [2ms]
2024-10-06 00:01:18.318 [info] [Git][getRemotes] No remotes found in the git config file
2024-10-06 00:01:18.319 [info] > git for-each-ref --format=%(refname)%00%(upstream:short)%00%(objectname)%00%(upstream:track)%00%(upstream:remotename)%00%(upstream:remoteref) refs/heads/master refs/remotes/master [0ms]
2024-10-06 00:01:18.319 [warning] [Git][getBranch] No such branch: master
2024-10-06 00:01:18.981 [info] > git status -z -uall [657ms] (cancelled)
2024-10-06 00:01:18.981 [info] > git for-each-ref --format=%(refname)%00%(upstream:short)%00%(objectname)%00%(upstream:track)%00%(upstream:remotename)%00%(upstream:remoteref) refs/heads/master refs/remotes/master [81ms]
2024-10-06 00:01:18.981 [warning] [Git][getBranch] No such branch: master
2024-10-06 00:01:20.043 [info] > git check-ignore -v -z --stdin [0ms]
2024-10-06 00:01:27.028 [info] > git check-ignore -v -z --stdin [0ms]
2024-10-06 00:03:47.384 [info] > git check-ignore -v -z --stdin [1ms]
2024-10-06 00:04:15.660 [info] > git check-ignore -v -z --stdin [1ms]
2024-10-06 00:04:22.594 [info] > git check-ignore -v -z --stdin [1ms]
2024-10-06 00:06:00.088 [info] [main] Log level: Info
2024-10-06 00:06:00.088 [info] [main] Validating found git in: "git"
2024-10-06 00:06:00.088 [info] [main] Using git "2.46.2" from "git"
2024-10-06 00:06:00.088 [info] [Model][doInitialScan] Initial repository scan started
2024-10-06 00:06:00.088 [info] [Model][doInitialScan] Initial repository scan completed - repositories (0), closed repositories (0), parent repositories (0), unsafe repositories (0)
2024-10-06 00:06:13.725 [info] [main] Log level: Info
2024-10-06 00:06:13.725 [info] [main] Validating found git in: "git"
2024-10-06 00:06:13.725 [info] [main] Using git "2.46.2" from "git"
2024-10-06 00:06:13.725 [info] [Model][doInitialScan] Initial repository scan started
2024-10-06 00:06:13.725 [info] > git rev-parse --show-toplevel [8ms]
2024-10-06 00:06:13.873 [info] > git rev-parse --git-dir --git-common-dir [144ms]
2024-10-06 00:06:13.881 [info] [Model][openRepository] Opened repository: /home/mistamyke
2024-10-06 00:06:13.882 [info] [Model][doInitialScan] Initial repository scan completed - repositories (1), closed repositories (0), parent repositories (0), unsafe repositories (0)
2024-10-06 00:06:13.931 [info] > git config --get commit.template [11ms]
2024-10-06 00:06:13.947 [info] [Git][getRemotes] No remotes found in the git config file
2024-10-06 00:06:13.955 [info] > git for-each-ref --format=%(refname)%00%(upstream:short)%00%(objectname)%00%(upstream:track)%00%(upstream:remotename)%00%(upstream:remoteref) refs/heads/master refs/remotes/master [9ms]
2024-10-06 00:06:13.956 [warning] [Git][getBranch] No such branch: master
2024-10-06 00:06:15.169 [info] > git check-ignore -v -z --stdin [7ms]
2024-10-06 00:06:15.180 [info] > git status -z -uall [1220ms] (cancelled)
2024-10-06 00:06:30.563 [info] > git for-each-ref --format=%(refname)%00%(upstream:short)%00%(objectname)%00%(upstream:track)%00%(upstream:remotename)%00%(upstream:remoteref) refs/heads/master refs/remotes/master [76ms]
2024-10-06 00:06:30.563 [warning] [Git][getBranch] No such branch: master
2024-10-06 00:06:30.565 [info] > git config --get commit.template [2ms]
2024-10-06 00:06:30.573 [info] [Git][getRemotes] No remotes found in the git config file
2024-10-06 00:06:30.574 [info] > git for-each-ref --format=%(refname)%00%(upstream:short)%00%(objectname)%00%(upstream:track)%00%(upstream:remotename)%00%(upstream:remoteref) refs/heads/master refs/remotes/master [1ms]
2024-10-06 00:06:30.574 [warning] [Git][getBranch] No such branch: master
2024-10-06 00:06:31.252 [info] > git status -z -uall [674ms] (cancelled)
2024-10-06 00:06:31.253 [info] > git for-each-ref --format=%(refname)%00%(upstream:short)%00%(objectname)%00%(upstream:track)%00%(upstream:remotename)%00%(upstream:remoteref) refs/heads/master refs/remotes/master [79ms]
2024-10-06 00:06:31.253 [warning] [Git][getBranch] No such branch: master
2024-10-06 00:06:47.052 [info] > git check-ignore -v -z --stdin [1ms]
2024-10-06 00:07:30.359 [info] > git check-ignore -v -z --stdin [1ms]
2024-10-06 00:08:43.593 [info] > git check-ignore -v -z --stdin [1ms]
2024-10-06 00:08:52.917 [info] > git -c user.useConfigOnly=true commit --quiet --amend [1ms]
2024-10-06 00:08:52.917 [info] fatal: You have nothing to amend.
2024-10-06 00:08:52.923 [info] > git config --get-all user.name [1ms]
2024-10-06 00:08:52.928 [info] > git config --get-all user.email [1ms]
2024-10-06 00:08:52.940 [info] [Git][getRemotes] No remotes found in the git config file
2024-10-06 00:08:52.941 [info] > git config --get commit.template [6ms]
2024-10-06 00:08:52.941 [info] > git for-each-ref --format=%(refname)%00%(upstream:short)%00%(objectname)%00%(upstream:track)%00%(upstream:remotename)%00%(upstream:remoteref) refs/heads/master refs/remotes/master [1ms]
2024-10-06 00:08:52.941 [warning] [Git][getBranch] No such branch: master
2024-10-06 00:08:53.508 [info] > git status -z -uall [562ms] (cancelled)
2024-10-06 00:08:53.508 [info] > git for-each-ref --format=%(refname)%00%(upstream:short)%00%(objectname)%00%(upstream:track)%00%(upstream:remotename)%00%(upstream:remoteref) refs/heads/master refs/remotes/master [49ms]
2024-10-06 00:08:53.508 [warning] [Git][getBranch] No such branch: master
2024-10-06 00:11:23.896 [info] > git add -A -- . [83185ms]
2024-10-06 00:11:23.896 [info] warning: in the working copy of '.cache/yarn/v6/npm-vscode-textmate-9.1.0-656a6aa163a9578397ba810733952bedb2b47202-integrity/node_modules/vscode-textmate/.github/workflows/rich-navigation.yml.off', CRLF will be replaced by LF the next time Git touches it
warning: adding embedded git repository: .cache/yay/betterbird-bin
hint: You've added another git repository inside your current repository.
hint: Clones of the outer repository will not contain the contents of
hint: the embedded repository and will not know how to obtain it.
hint: If you meant to add a submodule, use:
hint:
hint: 	git submodule add <url> .cache/yay/betterbird-bin
hint:
hint: If you added this path by mistake, you can remove it from the
hint: index with:
hint:
hint: 	git rm --cached .cache/yay/betterbird-bin
hint:
hint: See "git help submodule" for more information.
hint: Disable this message with "git config advice.addEmbeddedRepo false"
warning: adding embedded git repository: .cache/yay/birdtray
warning: adding embedded git repository: .cache/yay/candy-icons-git
warning: adding embedded git repository: .cache/yay/cava
warning: adding embedded git repository: .cache/yay/dracula-gtk-theme
warning: adding embedded git repository: .cache/yay/full-dracula-theme-git
warning: adding embedded git repository: .cache/yay/hyprlang-git
warning: adding embedded git repository: .cache/yay/hyprshot
warning: adding embedded git repository: .cache/yay/hyprutils-git
warning: adding embedded git repository: .cache/yay/hyprwayland-scanner-git
warning: adding embedded git repository: .cache/yay/kvantum-qt6-git
warning: adding embedded git repository: .cache/yay/nordzy-hyprcursors
warning: adding embedded git repository: .cache/yay/nvm
warning: adding embedded git repository: .cache/yay/package-query
warning: adding embedded git repository: .cache/yay/popular-packages
warning: adding embedded git repository: .cache/yay/proton-vpn-gtk-app
warning: adding embedded git repository: .cache/yay/python-proton-core
warning: adding embedded git repository: .cache/yay/python-proton-keyring-linux-secretservice
warning: adding embedded git repository: .cache/yay/python-proton-keyring-linux
warning: adding embedded git repository: .cache/yay/python-proton-vpn-api-core
warning: adding embedded git repository: .cache/yay/python-proton-vpn-killswitch-network-manager-wireguard
warning: adding embedded git repository: .cache/yay/python-proton-vpn-killswitch-network-manager
warning: adding embedded git repository: .cache/yay/python-proton-vpn-logger
warning: adding embedded git repository: .cache/yay/python-proton-vpn-network-manager
warning: adding embedded git repository: .cache/yay/rose-pine-hyprcursor
warning: adding embedded git repository: .cache/yay/sddm-astronaut-theme
warning: adding embedded git repository: .cache/yay/sddm-sugar-candy-git
warning: adding embedded git repository: .cache/yay/spicetify-cli
warning: adding embedded git repository: .cache/yay/sweet-folders-icons-git
warning: adding embedded git repository: .cache/yay/sweet-gtk-theme-dark
warning: adding embedded git repository: .cache/yay/tokyonight-extra
warning: adding embedded git repository: .cache/yay/tokyonight-gtk-theme-git
warning: adding embedded git repository: .cache/yay/tuned
warning: adding embedded git repository: .cache/yay/ufw-git
warning: adding embedded git repository: .cache/yay/vscodium-marketplace
warning: adding embedded git repository: .cache/yay/vscodium
warning: adding embedded git repository: .cache/yay/waybar-module-pacman-updates-git
warning: adding embedded git repository: .cache/yay/waybar-updates
warning: adding embedded git repository: .cache/yay/webcord
warning: adding embedded git repository: .cache/yay/wlogout
warning: adding embedded git repository: .cache/yay/xdg-desktop-portal-hyprland-git
warning: adding embedded git repository: .cache/yay/zsh-syntax-highlighting-git
error: unable to write file .git/objects/2d/a09df53f39b32d9849bcec42cdf99d2327a328: No such file or directory
error: .config/VSCodium/Cache/Cache_Data/3615467313cbe0ad_0: failed to insert into database
error: unable to index file '.config/VSCodium/Cache/Cache_Data/3615467313cbe0ad_0'
fatal: adding files failed
2024-10-06 00:11:23.901 [warning] [Git][getHEAD] Failed to parse HEAD file: ENOENT: no such file or directory, open '/home/mistamyke/.git/HEAD'
2024-10-06 00:11:23.905 [warning] [Git][getRemotes] Error: ENOENT: no such file or directory, open '/home/mistamyke/.git/config'
2024-10-06 00:11:23.909 [info] > git remote --verbose [4ms]
2024-10-06 00:11:23.910 [info] fatal: not a git repository (or any parent up to mount point /)
Stopping at filesystem boundary (GIT_DISCOVERY_ACROSS_FILESYSTEM not set).
2024-10-06 00:11:23.911 [info] > git symbolic-ref --short HEAD [11ms]
2024-10-06 00:11:23.911 [info] fatal: not a git repository (or any parent up to mount point /)
Stopping at filesystem boundary (GIT_DISCOVERY_ACROSS_FILESYSTEM not set).
2024-10-06 00:11:23.917 [info] > git config --get commit.template [8ms]
2024-10-06 00:11:23.917 [info] > git rev-parse HEAD [0ms]
2024-10-06 00:11:23.917 [info] fatal: not a git repository (or any parent up to mount point /)
Stopping at filesystem boundary (GIT_DISCOVERY_ACROSS_FILESYSTEM not set).
